{"numFailedTestSuites":4,"numFailedTests":2,"numPassedTestSuites":41,"numPassedTests":536,"numPendingTestSuites":0,"numPendingTests":0,"numRuntimeErrorTestSuites":2,"numTodoTests":0,"numTotalTestSuites":45,"numTotalTests":538,"openHandles":[],"snapshot":{"added":0,"didUpdate":false,"failure":false,"filesAdded":0,"filesRemoved":0,"filesRemovedList":[],"filesUnmatched":0,"filesUpdated":0,"matched":0,"total":0,"unchecked":0,"uncheckedKeysByFile":[],"unmatched":0,"updated":0},"startTime":1785733695013,"success":false,"testResults":[{"assertionResults":[{"ancestorTitles":["asyncHandler.util.js","asyncHandler - Happy Path"],"duration":14,"failing":false,"failureDetails":[],"failureMessages":[],"fullName":"asyncHandler.util.js asyncHandler - Happy Path debe ejecutar función async exitosa sin llamar next()","invocations":1,"location":null,"numPassingAsserts":4,"retryReasons":[],"startAt":1785733697605,"status":"passed","title":"debe ejecutar función async exitosa sin llamar next()"},{"ancestorTitles":["asyncHandler.util.js","asyncHandler - Happy Path"],"duration":1,"failing":false,"failureDetails":[],"failureMessages":[],"fullName":"asyncHandler.util.js asyncHandler - Happy Path debe funcionar con función que retorna Promise directamente","invocations":1,"location":null,"numPassingAsserts":3,"retryReasons":[],"startAt":1785733697620,"status":"passed","title":"debe funcionar con función que retorna Promise directamente"},{"ancestorTitles":["asyncHandler.util.js","asyncHandler - Happy Path"],"duration":2,"failing":false,"failureDetails":[],"failureMessages":[],"fullName":"asyncHandler.util.js asyncHandler - Happy Path debe pasar correctamente req, res, next a la función envuelta","invocations":1,"location":null,"numPassingAsserts":4,"retryReasons":[],"startAt":1785733697621,"status":"passed","title":"debe pasar correctamente req, res, next a la función envuelta"},{"ancestorTitles":["asyncHandler.util.js","asyncHandler - Happy Path"],"duration":7,"failing":false,"failureDetails":[],"failureMessages":[],"fullName":"asyncHandler.util.js asyncHandler - Happy Path debe funcionar con función que no retorna nada","invocations":1,"location":null,"numPassingAsserts":3,"retryReasons":[],"startAt":1785733697623,"status":"passed","title":"debe funcionar con función que no retorna nada"},{"ancestorTitles":["asyncHandler.util.js","asyncHandler - Error Handling"],"duration":2,"failing":false,"failureDetails":[],"failureMessages":[],"fullName":"asyncHandler.util.js asyncHandler - Error Handling debe capturar Promise rejection y pasar error a next()","invocations":1,"location":null,"numPassingAsserts":4,"retryReasons":[],"startAt":1785733697630,"status":"passed","title":"debe capturar Promise rejection y pasar error a next()"},{"ancestorTitles":["asyncHandler.util.js","asyncHandler - Error Handling"],"duration":1,"failing":false,"failureDetails":[],"failureMessages":[],"fullName":"asyncHandler.util.js asyncHandler - Error Handling debe capturar error con Promise.reject()","invocations":1,"location":null,"numPassingAsserts":2,"retryReasons":[],"startAt":1785733697642,"status":"passed","title":"debe capturar error con Promise.reject()"},{"ancestorTitles":["asyncHandler.util.js","asyncHandler - Error Handling"],"duration":7,"failing":false,"failureDetails":[],"failureMessages":[],"fullName":"asyncHandler.util.js asyncHandler - Error Handling debe preservar stack trace del error original","invocations":1,"location":null,"numPassingAsserts":2,"retryReasons":[],"startAt":1785733697644,"status":"passed","title":"debe preservar stack trace del error original"},{"ancestorTitles":["asyncHandler.util.js","asyncHandler - Error Handling"],"duration":0,"failing":false,"failureDetails":[],"failureMessages":[],"fullName":"asyncHandler.util.js asyncHandler - Error Handling debe manejar error con propiedades custom (statusCode, code, etc.)","invocations":1,"location":null,"numPassingAsserts":2,"retryReasons":[],"startAt":1785733697652,"status":"passed","title":"debe manejar error con propiedades custom (statusCode, code, etc.)"},{"ancestorTitles":["asyncHandler.util.js","asyncHandler - Error Handling"],"duration":66,"failing":false,"failureDetails":[],"failureMessages":[],"fullName":"asyncHandler.util.js asyncHandler - Error Handling debe manejar error lanzado después de operaciones async","invocations":1,"location":null,"numPassingAsserts":1,"retryReasons":[],"startAt":1785733697653,"status":"passed","title":"debe manejar error lanzado después de operaciones async"},{"ancestorTitles":["asyncHandler.util.js","asyncHandler - Edge Cases"],"duration":15,"failing":false,"failureDetails":[],"failureMessages":[],"fullName":"asyncHandler.util.js asyncHandler - Edge Cases debe lanzar TypeError si el argumento no es una función","invocations":1,"location":null,"numPassingAsserts":6,"retryReasons":[],"startAt":1785733697720,"status":"passed","title":"debe lanzar TypeError si el argumento no es una función"},{"ancestorTitles":["asyncHandler.util.js","asyncHandler - Edge Cases"],"duration":12,"failing":false,"failureDetails":[],"failureMessages":[],"fullName":"asyncHandler.util.js asyncHandler - Edge Cases debe funcionar con función síncrona que retorna valor directamente","invocations":1,"location":null,"numPassingAsserts":3,"retryReasons":[],"startAt":1785733697735,"status":"passed","title":"debe funcionar con función síncrona que retorna valor directamente"},{"ancestorTitles":["asyncHandler.util.js","asyncHandler - Edge Cases"],"duration":2,"failing":false,"failureDetails":[],"failureMessages":[],"fullName":"asyncHandler.util.js asyncHandler - Edge Cases NO debe capturar error síncrono lanzado antes de Promise.resolve()","invocations":1,"location":null,"numPassingAsserts":3,"retryReasons":[],"startAt":1785733697747,"status":"passed","title":"NO debe capturar error síncrono lanzado antes de Promise.resolve()"},{"ancestorTitles":["asyncHandler.util.js","asyncHandler - Edge Cases"],"duration":0,"failing":false,"failureDetails":[],"failureMessages":[],"fullName":"asyncHandler.util.js asyncHandler - Edge Cases debe manejar múltiples llamadas independientes","invocations":1,"location":null,"numPassingAsserts":3,"retryReasons":[],"startAt":1785733697749,"status":"passed","title":"debe manejar múltiples llamadas independientes"},{"ancestorTitles":["asyncHandler.util.js","asyncHandler - Edge Cases"],"duration":0,"failing":false,"failureDetails":[],"failureMessages":[],"fullName":"asyncHandler.util.js asyncHandler - Edge Cases debe funcionar con async function que llama next() manualmente","invocations":1,"location":null,"numPassingAsserts":3,"retryReasons":[],"startAt":1785733697750,"status":"passed","title":"debe funcionar con async function que llama next() manualmente"},{"ancestorTitles":["asyncHandler.util.js","asyncHandlerStrict - Enhanced Error Handling"],"duration":4,"failing":false,"failureDetails":[],"failureMessages":[],"fullName":"asyncHandler.util.js asyncHandlerStrict - Enhanced Error Handling debe capturar errores síncronos inmediatos con try-catch","invocations":1,"location":null,"numPassingAsserts":3,"retryReasons":[],"startAt":1785733697751,"status":"passed","title":"debe capturar errores síncronos inmediatos con try-catch"},{"ancestorTitles":["asyncHandler.util.js","asyncHandlerStrict - Enhanced Error Handling"],"duration":4,"failing":false,"failureDetails":[],"failureMessages":[],"fullName":"asyncHandler.util.js asyncHandlerStrict - Enhanced Error Handling debe capturar errores async igual que asyncHandler","invocations":1,"location":null,"numPassingAsserts":1,"retryReasons":[],"startAt":1785733697756,"status":"passed","title":"debe capturar errores async igual que asyncHandler"},{"ancestorTitles":["asyncHandler.util.js","asyncHandlerStrict - Enhanced Error Handling"],"duration":3,"failing":false,"failureDetails":[],"failureMessages":[],"fullName":"asyncHandler.util.js asyncHandlerStrict - Enhanced Error Handling debe funcionar con funciones exitosas igual que asyncHandler","invocations":1,"location":null,"numPassingAsserts":3,"retryReasons":[],"startAt":1785733697760,"status":"passed","title":"debe funcionar con funciones exitosas igual que asyncHandler"},{"ancestorTitles":["asyncHandler.util.js","asyncHandlerStrict - Enhanced Error Handling"],"duration":3,"failing":false,"failureDetails":[],"failureMessages":[],"fullName":"asyncHandler.util.js asyncHandlerStrict - Enhanced Error Handling debe lanzar TypeError si no recibe función","invocations":1,"location":null,"numPassingAsserts":2,"retryReasons":[],"startAt":1785733697763,"status":"passed","title":"debe lanzar TypeError si no recibe función"},{"ancestorTitles":["asyncHandler.util.js","asyncHandlerStrict - Enhanced Error Handling"],"duration":2,"failing":false,"failureDetails":[],"failureMessages":[],"fullName":"asyncHandler.util.js asyncHandlerStrict - Enhanced Error Handling debe capturar errores síncronos en validaciones iniciales","invocations":1,"location":null,"numPassingAsserts":2,"retryReasons":[],"startAt":1785733697766,"status":"passed","title":"debe capturar errores síncronos en validaciones iniciales"},{"ancestorTitles":["asyncHandler.util.js","asyncHandler vs asyncHandlerStrict - Diferencias"],"duration":2,"failing":false,"failureDetails":[],"failureMessages":[],"fullName":"asyncHandler.util.js asyncHandler vs asyncHandlerStrict - Diferencias asyncHandler NO captura sync errors, asyncHandlerStrict SÍ","invocations":1,"location":null,"numPassingAsserts":4,"retryReasons":[],"startAt":1785733697768,"status":"passed","title":"asyncHandler NO captura sync errors, asyncHandlerStrict SÍ"},{"ancestorTitles":["asyncHandler.util.js","asyncHandler vs asyncHandlerStrict - Diferencias"],"duration":11,"failing":false,"failureDetails":[],"failureMessages":[],"fullName":"asyncHandler.util.js asyncHandler vs asyncHandlerStrict - Diferencias ambos manejan Promise rejections de la misma manera","invocations":1,"location":null,"numPassingAsserts":2,"retryReasons":[],"startAt":1785733697770,"status":"passed","title":"ambos manejan Promise rejections de la misma manera"},{"ancestorTitles":["asyncHandler.util.js","Integration Patterns"],"duration":1,"failing":false,"failureDetails":[],"failureMessages":[],"fullName":"asyncHandler.util.js Integration Patterns debe integrarse correctamente con Express error handling middleware","invocations":1,"location":null,"numPassingAsserts":2,"retryReasons":[],"startAt":1785733697782,"status":"passed","title":"debe integrarse correctamente con Express error handling middleware"},{"ancestorTitles":["asyncHandler.util.js","Integration Patterns"],"duration":1,"failing":false,"failureDetails":[],"failureMessages":[],"fullName":"asyncHandler.util.js Integration Patterns debe permitir encadenamiento de middlewares","invocations":1,"location":null,"numPassingAsserts":5,"retryReasons":[],"startAt":1785733697783,"status":"passed","title":"debe permitir encadenamiento de middlewares"},{"ancestorTitles":["asyncHandler.util.js","Integration Patterns"],"duration":1,"failing":false,"failureDetails":[],"failureMessages":[],"fullName":"asyncHandler.util.js Integration Patterns debe funcionar con controllers que usan response utilities","invocations":1,"location":null,"numPassingAsserts":3,"retryReasons":[],"startAt":1785733697784,"status":"passed","title":"debe funcionar con controllers que usan response utilities"}],"endTime":1785733698810,"message":"","name":"C:\\Users\\elkaw\\Desktop\\MaqAgr-Local\\backend\\src\\__tests__\\unit\\utils\\asyncHandler.util.test.js","startTime":1785733695773,"status":"passed","summary":""},{"assertionResults":[{"ancestorTitles":["tractor.routes duplicate cleanup"],"duration":1648,"failing":false,"failureDetails":[],"failureMessages":[],"fullName":"tractor.routes duplicate cleanup each HTTP method + path combination appears exactly once","invocations":1,"location":null,"numPassingAsserts":5,"retryReasons":[],"startAt":1785733697026,"status":"passed","title":"each HTTP method + path combination appears exactly once"},{"ancestorTitles":["tractor.routes duplicate cleanup"],"duration":266,"failing":false,"failureDetails":[{"matcherResult":{"message":"expect(received).toBe(expected) // Object.is equality\n\nExpected: [Function mockConstructor]\nReceived: [Function multerMiddleware]","name":"toBe","pass":false}}],"failureMessages":["Error: expect(received).toBe(expected) // Object.is equality\n\nExpected: [Function mockConstructor]\nReceived: [Function multerMiddleware]\n    at Object.<anonymous> (C:\\Users\\elkaw\\Desktop\\MaqAgr-Local\\backend\\tests\\unit\\routes\\tractor.routes.dedup.test.js:99:45)\n    at processTicksAndRejections (node:internal/process/task_queues:103:5)"],"fullName":"tractor.routes duplicate cleanup mutation routes are admin-protected and keep cache invalidation","invocations":1,"location":null,"numPassingAsserts":2,"retryReasons":[],"startAt":1785733698675,"status":"failed","title":"mutation routes are admin-protected and keep cache invalidation"}],"endTime":1785733700231,"message":"  ● tractor.routes duplicate cleanup › mutation routes are admin-protected and keep cache invalidation\n\n    expect(received).toBe(expected) // Object.is equality\n\n    Expected: [Function mockConstructor]\n    Received: [Function multerMiddleware]\n\n    \u001b[0m \u001b[90m  97 |\u001b[39m     expect(postRoute\u001b[33m.\u001b[39mroute\u001b[33m.\u001b[39mstack[\u001b[35m0\u001b[39m]\u001b[33m.\u001b[39mhandle)\u001b[33m.\u001b[39mtoBe(verifyTokenMiddleware)\u001b[33m;\u001b[39m\n     \u001b[90m  98 |\u001b[39m     expect(postRoute\u001b[33m.\u001b[39mroute\u001b[33m.\u001b[39mstack[\u001b[35m1\u001b[39m]\u001b[33m.\u001b[39mhandle)\u001b[33m.\u001b[39mtoBe(isAdmin)\u001b[33m;\u001b[39m\n    \u001b[31m\u001b[1m>\u001b[22m\u001b[39m\u001b[90m  99 |\u001b[39m     expect(postRoute\u001b[33m.\u001b[39mroute\u001b[33m.\u001b[39mstack[\u001b[35m2\u001b[39m]\u001b[33m.\u001b[39mhandle)\u001b[33m.\u001b[39mtoBe(validateTractor)\u001b[33m;\u001b[39m\n     \u001b[90m     |\u001b[39m                                             \u001b[31m\u001b[1m^\u001b[22m\u001b[39m\n     \u001b[90m 100 |\u001b[39m     expect(postRoute\u001b[33m.\u001b[39mroute\u001b[33m.\u001b[39mstack\u001b[33m.\u001b[39mat(\u001b[33m-\u001b[39m\u001b[35m1\u001b[39m)\u001b[33m.\u001b[39mhandle)\u001b[33m.\u001b[39mtoBe(createTractor)\u001b[33m;\u001b[39m\n     \u001b[90m 101 |\u001b[39m\n     \u001b[90m 102 |\u001b[39m     expect(putRoute\u001b[33m.\u001b[39mroute\u001b[33m.\u001b[39mstack[\u001b[35m0\u001b[39m]\u001b[33m.\u001b[39mhandle)\u001b[33m.\u001b[39mtoBe(verifyTokenMiddleware)\u001b[33m;\u001b[39m\u001b[0m\n\n      at Object.<anonymous> (tests/unit/routes/tractor.routes.dedup.test.js:99:45)\n","name":"C:\\Users\\elkaw\\Desktop\\MaqAgr-Local\\backend\\tests\\unit\\routes\\tractor.routes.dedup.test.js","startTime":1785733695630,"status":"failed","summary":""},{"assertionResults":[{"ancestorTitles":["terrainController","getAllTerrains()"],"duration":18,"failing":false,"failureDetails":[],"failureMessages":[],"fullName":"terrainController getAllTerrains() retorna 200 y lista de terrenos del usuario","invocations":1,"location":null,"numPassingAsserts":2,"retryReasons":[],"startAt":1785733699105,"status":"passed","title":"retorna 200 y lista de terrenos del usuario"},{"ancestorTitles":["terrainController","getAllTerrains()"],"duration":29,"failing":false,"failureDetails":[],"failureMessages":[],"fullName":"terrainController getAllTerrains() retorna 200 y soporta ordenamiento string con order='desc'","invocations":1,"location":null,"numPassingAsserts":1,"retryReasons":[],"startAt":1785733699124,"status":"passed","title":"retorna 200 y soporta ordenamiento string con order='desc'"},{"ancestorTitles":["terrainController","getAllTerrains()"],"duration":2,"failing":false,"failureDetails":[],"failureMessages":[],"fullName":"terrainController getAllTerrains() retorna 200 y soporta ordenamiento numérico con order='asc'","invocations":1,"location":null,"numPassingAsserts":1,"retryReasons":[],"startAt":1785733699154,"status":"passed","title":"retorna 200 y soporta ordenamiento numérico con order='asc'"},{"ancestorTitles":["terrainController","getAllTerrains()"],"duration":0,"failing":false,"failureDetails":[],"failureMessages":[],"fullName":"terrainController getAllTerrains() retorna 200 y soporta elementos iguales","invocations":1,"location":null,"numPassingAsserts":1,"retryReasons":[],"startAt":1785733699156,"status":"passed","title":"retorna 200 y soporta elementos iguales"},{"ancestorTitles":["terrainController","getTerrainById()"],"duration":3,"failing":false,"failureDetails":[],"failureMessages":[],"fullName":"terrainController getTerrainById() con ID válido y propio → 200 + datos","invocations":1,"location":null,"numPassingAsserts":2,"retryReasons":[],"startAt":1785733699157,"status":"passed","title":"con ID válido y propio → 200 + datos"},{"ancestorTitles":["terrainController","getTerrainById()"],"duration":1,"failing":false,"failureDetails":[],"failureMessages":[],"fullName":"terrainController getTerrainById() con ID ajeno o inexistente → 404","invocations":1,"location":null,"numPassingAsserts":2,"retryReasons":[],"startAt":1785733699160,"status":"passed","title":"con ID ajeno o inexistente → 404"},{"ancestorTitles":["terrainController","getTerrainById()"],"duration":0,"failing":false,"failureDetails":[],"failureMessages":[],"fullName":"terrainController getTerrainById() con ID inválido → 400","invocations":1,"location":null,"numPassingAsserts":1,"retryReasons":[],"startAt":1785733699161,"status":"passed","title":"con ID inválido → 400"},{"ancestorTitles":["terrainController","createTerrain()"],"duration":2,"failing":false,"failureDetails":[],"failureMessages":[],"fullName":"terrainController createTerrain() con datos válidos → 201 + creado","invocations":1,"location":null,"numPassingAsserts":3,"retryReasons":[],"startAt":1785733699161,"status":"passed","title":"con datos válidos → 201 + creado"},{"ancestorTitles":["terrainController","createTerrain()"],"duration":1,"failing":false,"failureDetails":[],"failureMessages":[],"fullName":"terrainController createTerrain() con campos faltantes → 400","invocations":1,"location":null,"numPassingAsserts":3,"retryReasons":[],"startAt":1785733699163,"status":"passed","title":"con campos faltantes → 400"},{"ancestorTitles":["terrainController","updateTerrain()"],"duration":16,"failing":false,"failureDetails":[],"failureMessages":[],"fullName":"terrainController updateTerrain() con ID válido y propio → 200 + actualizado","invocations":1,"location":null,"numPassingAsserts":2,"retryReasons":[],"startAt":1785733699165,"status":"passed","title":"con ID válido y propio → 200 + actualizado"},{"ancestorTitles":["terrainController","updateTerrain()"],"duration":0,"failing":false,"failureDetails":[],"failureMessages":[],"fullName":"terrainController updateTerrain() con ID ajeno o inexistente → 404","invocations":1,"location":null,"numPassingAsserts":3,"retryReasons":[],"startAt":1785733699181,"status":"passed","title":"con ID ajeno o inexistente → 404"},{"ancestorTitles":["terrainController","updateTerrain()"],"duration":1,"failing":false,"failureDetails":[],"failureMessages":[],"fullName":"terrainController updateTerrain() con ID inválido → 400","invocations":1,"location":null,"numPassingAsserts":2,"retryReasons":[],"startAt":1785733699181,"status":"passed","title":"con ID inválido → 400"},{"ancestorTitles":["terrainController","updateTerrain()"],"duration":1,"failing":false,"failureDetails":[],"failureMessages":[],"fullName":"terrainController updateTerrain() retorna 400 cuando area_hectares está fuera de rango","invocations":1,"location":null,"numPassingAsserts":3,"retryReasons":[],"startAt":1785733699182,"status":"passed","title":"retorna 400 cuando area_hectares está fuera de rango"},{"ancestorTitles":["terrainController","deleteTerrain()"],"duration":4,"failing":false,"failureDetails":[],"failureMessages":[],"fullName":"terrainController deleteTerrain() con ID válido y propio → 200 + eliminado","invocations":1,"location":null,"numPassingAsserts":2,"retryReasons":[],"startAt":1785733699183,"status":"passed","title":"con ID válido y propio → 200 + eliminado"},{"ancestorTitles":["terrainController","deleteTerrain()"],"duration":0,"failing":false,"failureDetails":[],"failureMessages":[],"fullName":"terrainController deleteTerrain() con ID ajeno o inexistente → 404","invocations":1,"location":null,"numPassingAsserts":2,"retryReasons":[],"startAt":1785733699187,"status":"passed","title":"con ID ajeno o inexistente → 404"},{"ancestorTitles":["terrainController","deleteTerrain()"],"duration":0,"failing":false,"failureDetails":[],"failureMessages":[],"fullName":"terrainController deleteTerrain() con ID inválido → 400","invocations":1,"location":null,"numPassingAsserts":3,"retryReasons":[],"startAt":1785733699188,"status":"passed","title":"con ID inválido → 400"}],"endTime":1785733700305,"message":"","name":"C:\\Users\\elkaw\\Desktop\\MaqAgr-Local\\backend\\tests\\unit\\controllers\\terrainController.test.js","startTime":1785733695756,"status":"passed","summary":""},{"assertionResults":[{"ancestorTitles":["JWT Utils Tests","generateToken"],"duration":17,"failing":false,"failureDetails":[],"failureMessages":[],"fullName":"JWT Utils Tests generateToken debe generar un token JWT válido","invocations":1,"location":null,"numPassingAsserts":3,"retryReasons":[],"startAt":1785733697122,"status":"passed","title":"debe generar un token JWT válido"},{"ancestorTitles":["JWT Utils Tests","generateToken"],"duration":2,"failing":false,"failureDetails":[],"failureMessages":[],"fullName":"JWT Utils Tests generateToken el token debe incluir el payload correcto","invocations":1,"location":null,"numPassingAsserts":3,"retryReasons":[],"startAt":1785733697140,"status":"passed","title":"el token debe incluir el payload correcto"},{"ancestorTitles":["JWT Utils Tests","generateToken"],"duration":1,"failing":false,"failureDetails":[],"failureMessages":[],"fullName":"JWT Utils Tests generateToken debe incluir timestamp de expiración","invocations":1,"location":null,"numPassingAsserts":3,"retryReasons":[],"startAt":1785733697143,"status":"passed","title":"debe incluir timestamp de expiración"},{"ancestorTitles":["JWT Utils Tests","generateToken"],"duration":1,"failing":false,"failureDetails":[],"failureMessages":[],"fullName":"JWT Utils Tests generateToken debe expirar después de la duración configurada","invocations":1,"location":null,"numPassingAsserts":1,"retryReasons":[],"startAt":1785733697144,"status":"passed","title":"debe expirar después de la duración configurada"},{"ancestorTitles":["JWT Utils Tests","generateToken"],"duration":1,"failing":false,"failureDetails":[],"failureMessages":[],"fullName":"JWT Utils Tests generateToken debe permitir personalizar la expiración","invocations":1,"location":null,"numPassingAsserts":1,"retryReasons":[],"startAt":1785733697145,"status":"passed","title":"debe permitir personalizar la expiración"},{"ancestorTitles":["JWT Utils Tests","generateToken"],"duration":9,"failing":false,"failureDetails":[],"failureMessages":[],"fullName":"JWT Utils Tests generateToken debe lanzar error si el payload está vacío","invocations":1,"location":null,"numPassingAsserts":2,"retryReasons":[],"startAt":1785733697146,"status":"passed","title":"debe lanzar error si el payload está vacío"},{"ancestorTitles":["JWT Utils Tests","verifyToken"],"duration":1,"failing":false,"failureDetails":[],"failureMessages":[],"fullName":"JWT Utils Tests verifyToken debe verificar un token válido","invocations":1,"location":null,"numPassingAsserts":2,"retryReasons":[],"startAt":1785733697156,"status":"passed","title":"debe verificar un token válido"},{"ancestorTitles":["JWT Utils Tests","verifyToken"],"duration":3,"failing":false,"failureDetails":[],"failureMessages":[],"fullName":"JWT Utils Tests verifyToken debe rechazar un token inválido","invocations":1,"location":null,"numPassingAsserts":1,"retryReasons":[],"startAt":1785733697157,"status":"passed","title":"debe rechazar un token inválido"},{"ancestorTitles":["JWT Utils Tests","verifyToken"],"duration":2,"failing":false,"failureDetails":[],"failureMessages":[],"fullName":"JWT Utils Tests verifyToken debe rechazar un token expirado","invocations":1,"location":null,"numPassingAsserts":1,"retryReasons":[],"startAt":1785733697160,"status":"passed","title":"debe rechazar un token expirado"},{"ancestorTitles":["JWT Utils Tests","verifyToken"],"duration":1,"failing":false,"failureDetails":[],"failureMessages":[],"fullName":"JWT Utils Tests verifyToken debe rechazar un token firmado con otra clave","invocations":1,"location":null,"numPassingAsserts":1,"retryReasons":[],"startAt":1785733697162,"status":"passed","title":"debe rechazar un token firmado con otra clave"},{"ancestorTitles":["JWT Utils Tests","verifyToken"],"duration":2,"failing":false,"failureDetails":[],"failureMessages":[],"fullName":"JWT Utils Tests verifyToken debe rechazar token vacío o nulo","invocations":1,"location":null,"numPassingAsserts":3,"retryReasons":[],"startAt":1785733697163,"status":"passed","title":"debe rechazar token vacío o nulo"},{"ancestorTitles":["JWT Utils Tests","verifyToken"],"duration":1,"failing":false,"failureDetails":[],"failureMessages":[],"fullName":"JWT Utils Tests verifyToken debe rechazar token malformado","invocations":1,"location":null,"numPassingAsserts":1,"retryReasons":[],"startAt":1785733697165,"status":"passed","title":"debe rechazar token malformado"},{"ancestorTitles":["JWT Utils Tests","refreshToken"],"duration":1015,"failing":false,"failureDetails":[],"failureMessages":[],"fullName":"JWT Utils Tests refreshToken debe generar nuevo token desde uno válido","invocations":1,"location":null,"numPassingAsserts":2,"retryReasons":[],"startAt":1785733697166,"status":"passed","title":"debe generar nuevo token desde uno válido"},{"ancestorTitles":["JWT Utils Tests","refreshToken"],"duration":0,"failing":false,"failureDetails":[],"failureMessages":[],"fullName":"JWT Utils Tests refreshToken debe funcionar incluso con tokens expirados","invocations":1,"location":null,"numPassingAsserts":2,"retryReasons":[],"startAt":1785733698182,"status":"passed","title":"debe funcionar incluso con tokens expirados"},{"ancestorTitles":["JWT Utils Tests","refreshToken"],"duration":1,"failing":false,"failureDetails":[],"failureMessages":[],"fullName":"JWT Utils Tests refreshToken debe retornar null para tokens inválidos","invocations":1,"location":null,"numPassingAsserts":1,"retryReasons":[],"startAt":1785733698182,"status":"passed","title":"debe retornar null para tokens inválidos"},{"ancestorTitles":["JWT Utils Tests","refreshToken"],"duration":1,"failing":false,"failureDetails":[],"failureMessages":[],"fullName":"JWT Utils Tests refreshToken nuevo token debe tener los mismos claims","invocations":1,"location":null,"numPassingAsserts":3,"retryReasons":[],"startAt":1785733698183,"status":"passed","title":"nuevo token debe tener los mismos claims"},{"ancestorTitles":["Password Hashing Tests"],"duration":10,"failing":false,"failureDetails":[],"failureMessages":[],"fullName":"Password Hashing Tests debe hashear contraseña correctamente","invocations":1,"location":null,"numPassingAsserts":3,"retryReasons":[],"startAt":1785733698184,"status":"passed","title":"debe hashear contraseña correctamente"},{"ancestorTitles":["Password Hashing Tests"],"duration":6,"failing":false,"failureDetails":[],"failureMessages":[],"fullName":"Password Hashing Tests debe verificar contraseña correcta","invocations":1,"location":null,"numPassingAsserts":1,"retryReasons":[],"startAt":1785733698194,"status":"passed","title":"debe verificar contraseña correcta"},{"ancestorTitles":["Password Hashing Tests"],"duration":12,"failing":false,"failureDetails":[],"failureMessages":[],"fullName":"Password Hashing Tests debe rechazar contraseña incorrecta","invocations":1,"location":null,"numPassingAsserts":1,"retryReasons":[],"startAt":1785733698200,"status":"passed","title":"debe rechazar contraseña incorrecta"},{"ancestorTitles":["Password Hashing Tests"],"duration":17,"failing":false,"failureDetails":[],"failureMessages":[],"fullName":"Password Hashing Tests hash de la misma contraseña debe ser diferente cada vez","invocations":1,"location":null,"numPassingAsserts":3,"retryReasons":[],"startAt":1785733698212,"status":"passed","title":"hash de la misma contraseña debe ser diferente cada vez"},{"ancestorTitles":["Password Hashing Tests"],"duration":2,"failing":false,"failureDetails":[],"failureMessages":[],"fullName":"Password Hashing Tests debe respetar el número de salt rounds","invocations":1,"location":null,"numPassingAsserts":3,"retryReasons":[],"startAt":1785733698229,"status":"passed","title":"debe respetar el número de salt rounds"},{"ancestorTitles":["Auth Middleware Behavior"],"duration":1,"failing":false,"failureDetails":[],"failureMessages":[],"fullName":"Auth Middleware Behavior debe extraer token del header Authorization","invocations":1,"location":null,"numPassingAsserts":2,"retryReasons":[],"startAt":1785733698232,"status":"passed","title":"debe extraer token del header Authorization"},{"ancestorTitles":["Auth Middleware Behavior"],"duration":0,"failing":false,"failureDetails":[],"failureMessages":[],"fullName":"Auth Middleware Behavior debe fallar sin header Authorization","invocations":1,"location":null,"numPassingAsserts":1,"retryReasons":[],"startAt":1785733698233,"status":"passed","title":"debe fallar sin header Authorization"},{"ancestorTitles":["Auth Middleware Behavior"],"duration":1,"failing":false,"failureDetails":[],"failureMessages":[],"fullName":"Auth Middleware Behavior debe fallar con formato incorrecto (sin Bearer)","invocations":1,"location":null,"numPassingAsserts":1,"retryReasons":[],"startAt":1785733698233,"status":"passed","title":"debe fallar con formato incorrecto (sin Bearer)"},{"ancestorTitles":["Auth Middleware Behavior"],"duration":2,"failing":false,"failureDetails":[],"failureMessages":[],"fullName":"Auth Middleware Behavior debe validar token y extraer userId","invocations":1,"location":null,"numPassingAsserts":2,"retryReasons":[],"startAt":1785733698234,"status":"passed","title":"debe validar token y extraer userId"},{"ancestorTitles":["Auth Middleware Behavior"],"duration":3,"failing":false,"failureDetails":[],"failureMessages":[],"fullName":"Auth Middleware Behavior debe rechazar request con token expirado","invocations":1,"location":null,"numPassingAsserts":1,"retryReasons":[],"startAt":1785733698236,"status":"passed","title":"debe rechazar request con token expirado"},{"ancestorTitles":["Token Refresh Scenarios"],"duration":1037,"failing":false,"failureDetails":[],"failureMessages":[],"fullName":"Token Refresh Scenarios debe poder generar nuevo token desde uno válido","invocations":1,"location":null,"numPassingAsserts":5,"retryReasons":[],"startAt":1785733698239,"status":"passed","title":"debe poder generar nuevo token desde uno válido"},{"ancestorTitles":["Token Refresh Scenarios"],"duration":5,"failing":false,"failureDetails":[],"failureMessages":[],"fullName":"Token Refresh Scenarios token original sigue válido después de refresh","invocations":1,"location":null,"numPassingAsserts":2,"retryReasons":[],"startAt":1785733699276,"status":"passed","title":"token original sigue válido después de refresh"},{"ancestorTitles":["Security Edge Cases"],"duration":0,"failing":false,"failureDetails":[],"failureMessages":[],"fullName":"Security Edge Cases debe generar tokens con algoritmo HS256","invocations":1,"location":null,"numPassingAsserts":1,"retryReasons":[],"startAt":1785733699282,"status":"passed","title":"debe generar tokens con algoritmo HS256"},{"ancestorTitles":["Security Edge Cases"],"duration":1,"failing":false,"failureDetails":[],"failureMessages":[],"fullName":"Security Edge Cases debe validar que JWT_SECRET esté configurado","invocations":1,"location":null,"numPassingAsserts":2,"retryReasons":[],"startAt":1785733699282,"status":"passed","title":"debe validar que JWT_SECRET esté configurado"},{"ancestorTitles":["Security Edge Cases"],"duration":0,"failing":false,"failureDetails":[],"failureMessages":[],"fullName":"Security Edge Cases debe rechazar payload con claims peligrosos","invocations":1,"location":null,"numPassingAsserts":1,"retryReasons":[],"startAt":1785733699283,"status":"passed","title":"debe rechazar payload con claims peligrosos"},{"ancestorTitles":["Security Edge Cases"],"duration":0,"failing":false,"failureDetails":[],"failureMessages":[],"fullName":"Security Edge Cases debe truncar tokens excesivamente largos","invocations":1,"location":null,"numPassingAsserts":1,"retryReasons":[],"startAt":1785733699284,"status":"passed","title":"debe truncar tokens excesivamente largos"}],"endTime":1785733700384,"message":"","name":"C:\\Users\\elkaw\\Desktop\\MaqAgr-Local\\backend\\src\\__tests__\\auth.test.js","startTime":1785733695651,"status":"passed","summary":""},{"assertionResults":[{"ancestorTitles":["implementController","getAllImplements()"],"duration":36,"failing":false,"failureDetails":[],"failureMessages":[],"fullName":"implementController getAllImplements() retorna 200 y lista de implementos con paginación","invocations":1,"location":null,"numPassingAsserts":1,"retryReasons":[],"startAt":1785733699038,"status":"passed","title":"retorna 200 y lista de implementos con paginación"},{"ancestorTitles":["implementController","getAllImplements()"],"duration":15,"failing":false,"failureDetails":[],"failureMessages":[],"fullName":"implementController getAllImplements() ordena por campo string con order desc","invocations":1,"location":null,"numPassingAsserts":2,"retryReasons":[],"startAt":1785733699077,"status":"passed","title":"ordena por campo string con order desc"},{"ancestorTitles":["implementController","getAllImplements()"],"duration":3,"failing":false,"failureDetails":[],"failureMessages":[],"fullName":"implementController getAllImplements() ordena por campo numerico con order asc","invocations":1,"location":null,"numPassingAsserts":2,"retryReasons":[],"startAt":1785733699092,"status":"passed","title":"ordena por campo numerico con order asc"},{"ancestorTitles":["implementController","getAvailableImplements()"],"duration":1,"failing":false,"failureDetails":[],"failureMessages":[],"fullName":"implementController getAvailableImplements() retorna implementos disponibles paginados","invocations":1,"location":null,"numPassingAsserts":2,"retryReasons":[],"startAt":1785733699096,"status":"passed","title":"retorna implementos disponibles paginados"},{"ancestorTitles":["implementController","getImplementById()"],"duration":2,"failing":false,"failureDetails":[],"failureMessages":[],"fullName":"implementController getImplementById() con ID válido → 200 + datos","invocations":1,"location":null,"numPassingAsserts":1,"retryReasons":[],"startAt":1785733699097,"status":"passed","title":"con ID válido → 200 + datos"},{"ancestorTitles":["implementController","getImplementById()"],"duration":1,"failing":false,"failureDetails":[],"failureMessages":[],"fullName":"implementController getImplementById() con ID inválido (texto) → 400","invocations":1,"location":null,"numPassingAsserts":2,"retryReasons":[],"startAt":1785733699099,"status":"passed","title":"con ID inválido (texto) → 400"},{"ancestorTitles":["implementController","getImplementById()"],"duration":2,"failing":false,"failureDetails":[],"failureMessages":[],"fullName":"implementController getImplementById() con ID inexistente → 404","invocations":1,"location":null,"numPassingAsserts":2,"retryReasons":[],"startAt":1785733699100,"status":"passed","title":"con ID inexistente → 404"},{"ancestorTitles":["implementController","createImplement()"],"duration":4,"failing":false,"failureDetails":[],"failureMessages":[],"fullName":"implementController createImplement() con datos válidos → 201 + creado","invocations":1,"location":null,"numPassingAsserts":2,"retryReasons":[],"startAt":1785733699102,"status":"passed","title":"con datos válidos → 201 + creado"},{"ancestorTitles":["implementController","createImplement()"],"duration":1,"failing":false,"failureDetails":[],"failureMessages":[],"fullName":"implementController createImplement() maneja error del modelo → next(error)","invocations":1,"location":null,"numPassingAsserts":1,"retryReasons":[],"startAt":1785733699106,"status":"passed","title":"maneja error del modelo → next(error)"},{"ancestorTitles":["implementController","createImplement()"],"duration":1,"failing":false,"failureDetails":[],"failureMessages":[],"fullName":"implementController createImplement() retorna 400 cuando power_requirement_hp está fuera de rango","invocations":1,"location":null,"numPassingAsserts":3,"retryReasons":[],"startAt":1785733699107,"status":"passed","title":"retorna 400 cuando power_requirement_hp está fuera de rango"},{"ancestorTitles":["implementController","createImplement()"],"duration":1,"failing":false,"failureDetails":[],"failureMessages":[],"fullName":"implementController createImplement() normaliza valores numéricos y deja undefined cuando recibe null","invocations":1,"location":null,"numPassingAsserts":1,"retryReasons":[],"startAt":1785733699109,"status":"passed","title":"normaliza valores numéricos y deja undefined cuando recibe null"},{"ancestorTitles":["implementController","updateImplement()"],"duration":2,"failing":false,"failureDetails":[],"failureMessages":[],"fullName":"implementController updateImplement() con ID válido → 200 + actualizado","invocations":1,"location":null,"numPassingAsserts":1,"retryReasons":[],"startAt":1785733699110,"status":"passed","title":"con ID válido → 200 + actualizado"},{"ancestorTitles":["implementController","updateImplement()"],"duration":1,"failing":false,"failureDetails":[],"failureMessages":[],"fullName":"implementController updateImplement() con ID inválido → 400","invocations":1,"location":null,"numPassingAsserts":1,"retryReasons":[],"startAt":1785733699112,"status":"passed","title":"con ID inválido → 400"},{"ancestorTitles":["implementController","updateImplement()"],"duration":1,"failing":false,"failureDetails":[],"failureMessages":[],"fullName":"implementController updateImplement() con ID inexistente → 404","invocations":1,"location":null,"numPassingAsserts":1,"retryReasons":[],"startAt":1785733699113,"status":"passed","title":"con ID inexistente → 404"},{"ancestorTitles":["implementController","updateImplement()"],"duration":1,"failing":false,"failureDetails":[],"failureMessages":[],"fullName":"implementController updateImplement() retorna 400 cuando power_requirement_hp está fuera de rango","invocations":1,"location":null,"numPassingAsserts":3,"retryReasons":[],"startAt":1785733699114,"status":"passed","title":"retorna 400 cuando power_requirement_hp está fuera de rango"},{"ancestorTitles":["implementController","updateImplement()"],"duration":1,"failing":false,"failureDetails":[],"failureMessages":[],"fullName":"implementController updateImplement() normaliza updateData con valores numéricos opcionales","invocations":1,"location":null,"numPassingAsserts":1,"retryReasons":[],"startAt":1785733699115,"status":"passed","title":"normaliza updateData con valores numéricos opcionales"},{"ancestorTitles":["implementController","searchImplements()"],"duration":3,"failing":false,"failureDetails":[],"failureMessages":[],"fullName":"implementController searchImplements() búsqueda con q → llama advancedSearch con término","invocations":1,"location":null,"numPassingAsserts":2,"retryReasons":[],"startAt":1785733699116,"status":"passed","title":"búsqueda con q → llama advancedSearch con término"},{"ancestorTitles":["implementController","searchImplements()"],"duration":1,"failing":false,"failureDetails":[],"failureMessages":[],"fullName":"implementController searchImplements() búsqueda con filtros combinados (minWidth, maxWidth, requiredPower)","invocations":1,"location":null,"numPassingAsserts":1,"retryReasons":[],"startAt":1785733699119,"status":"passed","title":"búsqueda con filtros combinados (minWidth, maxWidth, requiredPower)"},{"ancestorTitles":["implementController","searchImplements()"],"duration":1,"failing":false,"failureDetails":[],"failureMessages":[],"fullName":"implementController searchImplements() búsqueda con tractorId y compatibilidad","invocations":1,"location":null,"numPassingAsserts":2,"retryReasons":[],"startAt":1785733699120,"status":"passed","title":"búsqueda con tractorId y compatibilidad"},{"ancestorTitles":["implementController","searchImplements()"],"duration":4,"failing":false,"failureDetails":[],"failureMessages":[],"fullName":"implementController searchImplements() retorna 400 si tractorId no es numérico","invocations":1,"location":null,"numPassingAsserts":2,"retryReasons":[],"startAt":1785733699122,"status":"passed","title":"retorna 400 si tractorId no es numérico"},{"ancestorTitles":["implementController","searchImplements()"],"duration":4,"failing":false,"failureDetails":[],"failureMessages":[],"fullName":"implementController searchImplements() retorna 404 si tractorId no existe","invocations":1,"location":null,"numPassingAsserts":2,"retryReasons":[],"startAt":1785733699126,"status":"passed","title":"retorna 404 si tractorId no existe"},{"ancestorTitles":["implementController","searchImplements()"],"duration":2,"failing":false,"failureDetails":[],"failureMessages":[],"fullName":"implementController searchImplements() retorna 400 si minWidth > maxWidth","invocations":1,"location":null,"numPassingAsserts":2,"retryReasons":[],"startAt":1785733699130,"status":"passed","title":"retorna 400 si minWidth > maxWidth"},{"ancestorTitles":["implementController","searchImplements()"],"duration":1,"failing":false,"failureDetails":[],"failureMessages":[],"fullName":"implementController searchImplements() retorna 400 si minWidth es inválido","invocations":1,"location":null,"numPassingAsserts":2,"retryReasons":[],"startAt":1785733699132,"status":"passed","title":"retorna 400 si minWidth es inválido"},{"ancestorTitles":["implementController","searchImplements()"],"duration":3,"failing":false,"failureDetails":[],"failureMessages":[],"fullName":"implementController searchImplements() retorna 400 si requiredPower es inválido","invocations":1,"location":null,"numPassingAsserts":2,"retryReasons":[],"startAt":1785733699133,"status":"passed","title":"retorna 400 si requiredPower es inválido"},{"ancestorTitles":["implementController","deleteImplement()"],"duration":3,"failing":false,"failureDetails":[],"failureMessages":[],"fullName":"implementController deleteImplement() con ID válido → 200","invocations":1,"location":null,"numPassingAsserts":1,"retryReasons":[],"startAt":1785733699137,"status":"passed","title":"con ID válido → 200"},{"ancestorTitles":["implementController","deleteImplement()"],"duration":1,"failing":false,"failureDetails":[],"failureMessages":[],"fullName":"implementController deleteImplement() con ID inexistente → 404","invocations":1,"location":null,"numPassingAsserts":1,"retryReasons":[],"startAt":1785733699140,"status":"passed","title":"con ID inexistente → 404"},{"ancestorTitles":["implementController","deleteImplement()"],"duration":2,"failing":false,"failureDetails":[],"failureMessages":[],"fullName":"implementController deleteImplement() con ID inválido → 400","invocations":1,"location":null,"numPassingAsserts":2,"retryReasons":[],"startAt":1785733699141,"status":"passed","title":"con ID inválido → 400"}],"endTime":1785733700378,"message":"","name":"C:\\Users\\elkaw\\Desktop\\MaqAgr-Local\\backend\\tests\\unit\\controllers\\implementController.test.js","startTime":1785733695788,"status":"passed","summary":""},{"assertionResults":[{"ancestorTitles":["roleController"],"duration":21,"failing":false,"failureDetails":[],"failureMessages":[],"fullName":"roleController getAllRoles devuelve roles activos con paginación","invocations":1,"location":null,"numPassingAsserts":4,"retryReasons":[],"startAt":1785733699123,"status":"passed","title":"getAllRoles devuelve roles activos con paginación"},{"ancestorTitles":["roleController"],"duration":11,"failing":false,"failureDetails":[],"failureMessages":[],"fullName":"roleController createRole valida nombre requerido y longitud mínima","invocations":1,"location":null,"numPassingAsserts":4,"retryReasons":[],"startAt":1785733699147,"status":"passed","title":"createRole valida nombre requerido y longitud mínima"},{"ancestorTitles":["roleController"],"duration":2,"failing":false,"failureDetails":[],"failureMessages":[],"fullName":"roleController createRole responde conflicto si ya existe el rol","invocations":1,"location":null,"numPassingAsserts":3,"retryReasons":[],"startAt":1785733699158,"status":"passed","title":"createRole responde conflicto si ya existe el rol"},{"ancestorTitles":["roleController"],"duration":2,"failing":false,"failureDetails":[],"failureMessages":[],"fullName":"roleController createRole crea el rol con status active y description null por defecto","invocations":1,"location":null,"numPassingAsserts":3,"retryReasons":[],"startAt":1785733699160,"status":"passed","title":"createRole crea el rol con status active y description null por defecto"},{"ancestorTitles":["roleController"],"duration":19,"failing":false,"failureDetails":[],"failureMessages":[],"fullName":"roleController updateRole valida id, existencia y payload mínimo","invocations":1,"location":null,"numPassingAsserts":6,"retryReasons":[],"startAt":1785733699162,"status":"passed","title":"updateRole valida id, existencia y payload mínimo"},{"ancestorTitles":["roleController"],"duration":2,"failing":false,"failureDetails":[],"failureMessages":[],"fullName":"roleController updateRole valida nombre duplicado y status inválido","invocations":1,"location":null,"numPassingAsserts":6,"retryReasons":[],"startAt":1785733699181,"status":"passed","title":"updateRole valida nombre duplicado y status inválido"},{"ancestorTitles":["roleController"],"duration":1,"failing":false,"failureDetails":[],"failureMessages":[],"fullName":"roleController updateRole actualiza el rol cuando el nombre pertenece al mismo rol","invocations":1,"location":null,"numPassingAsserts":3,"retryReasons":[],"startAt":1785733699183,"status":"passed","title":"updateRole actualiza el rol cuando el nombre pertenece al mismo rol"},{"ancestorTitles":["roleController"],"duration":2,"failing":false,"failureDetails":[],"failureMessages":[],"fullName":"roleController deleteRole valida id, existencia, protección del admin y usuarios asignados","invocations":1,"location":null,"numPassingAsserts":9,"retryReasons":[],"startAt":1785733699184,"status":"passed","title":"deleteRole valida id, existencia, protección del admin y usuarios asignados"},{"ancestorTitles":["roleController"],"duration":2,"failing":false,"failureDetails":[],"failureMessages":[],"fullName":"roleController deleteRole inactiva el rol cuando no tiene usuarios activos","invocations":1,"location":null,"numPassingAsserts":2,"retryReasons":[],"startAt":1785733699186,"status":"passed","title":"deleteRole inactiva el rol cuando no tiene usuarios activos"}],"endTime":1785733700424,"message":"","name":"C:\\Users\\elkaw\\Desktop\\MaqAgr-Local\\backend\\tests\\unit\\controllers\\roleController.test.js","startTime":1785733695793,"status":"passed","summary":""},{"assertionResults":[{"ancestorTitles":["error.middleware.js","notFound"],"duration":8,"failing":false,"failureDetails":[],"failureMessages":[],"fullName":"error.middleware.js notFound debe retornar 404 con mensaje de ruta no encontrada","invocations":1,"location":null,"numPassingAsserts":2,"retryReasons":[],"startAt":1785733699742,"status":"passed","title":"debe retornar 404 con mensaje de ruta no encontrada"},{"ancestorTitles":["error.middleware.js","notFound"],"duration":1,"failing":false,"failureDetails":[],"failureMessages":[],"fullName":"error.middleware.js notFound debe incluir el método HTTP en el mensaje de error","invocations":1,"location":null,"numPassingAsserts":2,"retryReasons":[],"startAt":1785733699751,"status":"passed","title":"debe incluir el método HTTP en el mensaje de error"},{"ancestorTitles":["error.middleware.js","errorHandler"],"duration":17,"failing":false,"failureDetails":[],"failureMessages":[],"fullName":"error.middleware.js errorHandler debe manejar error genérico con statusCode 500 por defecto","invocations":1,"location":null,"numPassingAsserts":2,"retryReasons":[],"startAt":1785733699753,"status":"passed","title":"debe manejar error genérico con statusCode 500 por defecto"},{"ancestorTitles":["error.middleware.js","errorHandler"],"duration":1,"failing":false,"failureDetails":[],"failureMessages":[],"fullName":"error.middleware.js errorHandler debe respetar statusCode del error si existe","invocations":1,"location":null,"numPassingAsserts":2,"retryReasons":[],"startAt":1785733699770,"status":"passed","title":"debe respetar statusCode del error si existe"},{"ancestorTitles":["error.middleware.js","errorHandler"],"duration":3,"failing":false,"failureDetails":[],"failureMessages":[],"fullName":"error.middleware.js errorHandler debe manejar ValidationError con statusCode 400","invocations":1,"location":null,"numPassingAsserts":2,"retryReasons":[],"startAt":1785733699771,"status":"passed","title":"debe manejar ValidationError con statusCode 400"},{"ancestorTitles":["error.middleware.js","errorHandler"],"duration":2,"failing":false,"failureDetails":[],"failureMessages":[],"fullName":"error.middleware.js errorHandler debe manejar JsonWebTokenError con statusCode 401","invocations":1,"location":null,"numPassingAsserts":2,"retryReasons":[],"startAt":1785733699774,"status":"passed","title":"debe manejar JsonWebTokenError con statusCode 401"},{"ancestorTitles":["error.middleware.js","errorHandler"],"duration":2,"failing":false,"failureDetails":[],"failureMessages":[],"fullName":"error.middleware.js errorHandler debe manejar TokenExpiredError con statusCode 401","invocations":1,"location":null,"numPassingAsserts":2,"retryReasons":[],"startAt":1785733699777,"status":"passed","title":"debe manejar TokenExpiredError con statusCode 401"},{"ancestorTitles":["error.middleware.js","errorHandler"],"duration":1,"failing":false,"failureDetails":[],"failureMessages":[],"fullName":"error.middleware.js errorHandler debe manejar CastError con statusCode 400","invocations":1,"location":null,"numPassingAsserts":2,"retryReasons":[],"startAt":1785733699779,"status":"passed","title":"debe manejar CastError con statusCode 400"},{"ancestorTitles":["error.middleware.js","errorHandler","PostgreSQL error code 23505"],"duration":9,"failing":false,"failureDetails":[],"failureMessages":[],"fullName":"error.middleware.js errorHandler PostgreSQL error code 23505 debe retornar 409 con mensaje apropiado","invocations":1,"location":null,"numPassingAsserts":2,"retryReasons":[],"startAt":1785733699780,"status":"passed","title":"debe retornar 409 con mensaje apropiado"},{"ancestorTitles":["error.middleware.js","errorHandler","PostgreSQL error code 23503"],"duration":25,"failing":false,"failureDetails":[],"failureMessages":[],"fullName":"error.middleware.js errorHandler PostgreSQL error code 23503 debe retornar 400 con mensaje apropiado","invocations":1,"location":null,"numPassingAsserts":2,"retryReasons":[],"startAt":1785733699790,"status":"passed","title":"debe retornar 400 con mensaje apropiado"},{"ancestorTitles":["error.middleware.js","errorHandler","PostgreSQL error code 23502"],"duration":2,"failing":false,"failureDetails":[],"failureMessages":[],"fullName":"error.middleware.js errorHandler PostgreSQL error code 23502 debe retornar 400 con mensaje apropiado","invocations":1,"location":null,"numPassingAsserts":2,"retryReasons":[],"startAt":1785733699816,"status":"passed","title":"debe retornar 400 con mensaje apropiado"},{"ancestorTitles":["error.middleware.js","errorHandler","PostgreSQL error code 22P02"],"duration":4,"failing":false,"failureDetails":[],"failureMessages":[],"fullName":"error.middleware.js errorHandler PostgreSQL error code 22P02 debe retornar 400 con mensaje apropiado","invocations":1,"location":null,"numPassingAsserts":2,"retryReasons":[],"startAt":1785733699818,"status":"passed","title":"debe retornar 400 con mensaje apropiado"},{"ancestorTitles":["error.middleware.js","errorHandler","PostgreSQL error code 42P01"],"duration":5,"failing":false,"failureDetails":[],"failureMessages":[],"fullName":"error.middleware.js errorHandler PostgreSQL error code 42P01 debe retornar 500 con mensaje apropiado","invocations":1,"location":null,"numPassingAsserts":2,"retryReasons":[],"startAt":1785733699822,"status":"passed","title":"debe retornar 500 con mensaje apropiado"},{"ancestorTitles":["error.middleware.js","errorHandler"],"duration":9,"failing":false,"failureDetails":[],"failureMessages":[],"fullName":"error.middleware.js errorHandler debe incluir detalles del error en development mode","invocations":1,"location":null,"numPassingAsserts":1,"retryReasons":[],"startAt":1785733699828,"status":"passed","title":"debe incluir detalles del error en development mode"},{"ancestorTitles":["error.middleware.js","errorHandler"],"duration":8,"failing":false,"failureDetails":[],"failureMessages":[],"fullName":"error.middleware.js errorHandler NO debe incluir detalles del error en production mode","invocations":1,"location":null,"numPassingAsserts":2,"retryReasons":[],"startAt":1785733699838,"status":"passed","title":"NO debe incluir detalles del error en production mode"},{"ancestorTitles":["error.middleware.js","errorHandler"],"duration":2,"failing":false,"failureDetails":[],"failureMessages":[],"fullName":"error.middleware.js errorHandler debe manejar error con código PostgreSQL desconocido","invocations":1,"location":null,"numPassingAsserts":2,"retryReasons":[],"startAt":1785733699846,"status":"passed","title":"debe manejar error con código PostgreSQL desconocido"},{"ancestorTitles":["error.middleware.js","asyncHandler - Re-export Compatibility Test"],"duration":1,"failing":false,"failureDetails":[],"failureMessages":[],"fullName":"error.middleware.js asyncHandler - Re-export Compatibility Test debe estar disponible como re-export para compatibilidad","invocations":1,"location":null,"numPassingAsserts":2,"retryReasons":[],"startAt":1785733699848,"status":"passed","title":"debe estar disponible como re-export para compatibilidad"},{"ancestorTitles":["error.middleware.js","asyncHandler - Re-export Compatibility Test"],"duration":1,"failing":false,"failureDetails":[],"failureMessages":[],"fullName":"error.middleware.js asyncHandler - Re-export Compatibility Test debe funcionar como wrapper básico (compatibilidad)","invocations":1,"location":null,"numPassingAsserts":2,"retryReasons":[],"startAt":1785733699849,"status":"passed","title":"debe funcionar como wrapper básico (compatibilidad)"},{"ancestorTitles":["error.middleware.js","asyncHandler - Re-export Compatibility Test"],"duration":2,"failing":false,"failureDetails":[],"failureMessages":[],"fullName":"error.middleware.js asyncHandler - Re-export Compatibility Test debe capturar errores básicos (compatibilidad)","invocations":1,"location":null,"numPassingAsserts":2,"retryReasons":[],"startAt":1785733699850,"status":"passed","title":"debe capturar errores básicos (compatibilidad)"},{"ancestorTitles":["error.middleware.js","asyncHandler - Re-export Compatibility Test"],"duration":0,"failing":false,"failureDetails":[],"failureMessages":[],"fullName":"error.middleware.js asyncHandler - Re-export Compatibility Test debe apuntar a la implementación en utils/asyncHandler.util.js","invocations":1,"location":null,"numPassingAsserts":2,"retryReasons":[],"startAt":1785733699852,"status":"passed","title":"debe apuntar a la implementación en utils/asyncHandler.util.js"},{"ancestorTitles":["error.middleware.js","AppError"],"duration":12,"failing":false,"failureDetails":[],"failureMessages":[],"fullName":"error.middleware.js AppError debe crear instancia con mensaje y statusCode correctos","invocations":1,"location":null,"numPassingAsserts":5,"retryReasons":[],"startAt":1785733699852,"status":"passed","title":"debe crear instancia con mensaje y statusCode correctos"},{"ancestorTitles":["error.middleware.js","AppError"],"duration":1,"failing":false,"failureDetails":[],"failureMessages":[],"fullName":"error.middleware.js AppError debe usar statusCode 500 por defecto","invocations":1,"location":null,"numPassingAsserts":2,"retryReasons":[],"startAt":1785733699865,"status":"passed","title":"debe usar statusCode 500 por defecto"},{"ancestorTitles":["error.middleware.js","AppError"],"duration":6,"failing":false,"failureDetails":[],"failureMessages":[],"fullName":"error.middleware.js AppError debe capturar stack trace","invocations":1,"location":null,"numPassingAsserts":3,"retryReasons":[],"startAt":1785733699866,"status":"passed","title":"debe capturar stack trace"},{"ancestorTitles":["error.middleware.js","AppError"],"duration":6,"failing":false,"failureDetails":[],"failureMessages":[],"fullName":"error.middleware.js AppError debe funcionar con throw statement","invocations":1,"location":null,"numPassingAsserts":2,"retryReasons":[],"startAt":1785733699872,"status":"passed","title":"debe funcionar con throw statement"},{"ancestorTitles":["error.middleware.js","AppError"],"duration":1,"failing":false,"failureDetails":[],"failureMessages":[],"fullName":"error.middleware.js AppError debe ser capturado por try-catch como Error normal","invocations":1,"location":null,"numPassingAsserts":3,"retryReasons":[],"startAt":1785733699878,"status":"passed","title":"debe ser capturado por try-catch como Error normal"}],"endTime":1785733700533,"message":"","name":"C:\\Users\\elkaw\\Desktop\\MaqAgr-Local\\backend\\src\\__tests__\\unit\\middleware\\error.middleware.test.js","startTime":1785733698855,"status":"passed","summary":""},{"assertionResults":[{"ancestorTitles":["calculationController","calculatePowerLoss()"],"duration":14,"failing":false,"failureDetails":[],"failureMessages":[],"fullName":"calculationController calculatePowerLoss() retorna 401 cuando no hay usuario autenticado en req.user","invocations":1,"location":null,"numPassingAsserts":4,"retryReasons":[],"startAt":1785733699266,"status":"passed","title":"retorna 401 cuando no hay usuario autenticado en req.user"},{"ancestorTitles":["calculationController","calculatePowerLoss()"],"duration":42,"failing":false,"failureDetails":[],"failureMessages":[],"fullName":"calculationController calculatePowerLoss() retorna 400 cuando faltan campos requeridos","invocations":1,"location":null,"numPassingAsserts":3,"retryReasons":[],"startAt":1785733699280,"status":"passed","title":"retorna 400 cuando faltan campos requeridos"},{"ancestorTitles":["calculationController","calculatePowerLoss()"],"duration":1,"failing":false,"failureDetails":[],"failureMessages":[],"fullName":"calculationController calculatePowerLoss() retorna 404 cuando el tractor no existe","invocations":1,"location":null,"numPassingAsserts":3,"retryReasons":[],"startAt":1785733699323,"status":"passed","title":"retorna 404 cuando el tractor no existe"},{"ancestorTitles":["calculationController","calculatePowerLoss()"],"duration":1,"failing":false,"failureDetails":[],"failureMessages":[],"fullName":"calculationController calculatePowerLoss() retorna 404 cuando el terreno no existe","invocations":1,"location":null,"numPassingAsserts":2,"retryReasons":[],"startAt":1785733699324,"status":"passed","title":"retorna 404 cuando el terreno no existe"},{"ancestorTitles":["calculationController","calculatePowerLoss()"],"duration":2,"failing":false,"failureDetails":[],"failureMessages":[],"fullName":"calculationController calculatePowerLoss() persiste y responde cálculo de pérdidas exitoso","invocations":1,"location":null,"numPassingAsserts":7,"retryReasons":[],"startAt":1785733699325,"status":"passed","title":"persiste y responde cálculo de pérdidas exitoso"},{"ancestorTitles":["calculationController","calculatePowerLoss()"],"duration":6,"failing":false,"failureDetails":[],"failureMessages":[],"fullName":"calculationController calculatePowerLoss() hace rollback y delega error cuando falla la persistencia","invocations":1,"location":null,"numPassingAsserts":3,"retryReasons":[],"startAt":1785733699328,"status":"passed","title":"hace rollback y delega error cuando falla la persistencia"},{"ancestorTitles":["calculationController","calculateMinimumPower()"],"duration":5,"failing":false,"failureDetails":[],"failureMessages":[],"fullName":"calculationController calculateMinimumPower() retorna 400 cuando faltan implement_id o terrain_id","invocations":1,"location":null,"numPassingAsserts":3,"retryReasons":[],"startAt":1785733699334,"status":"passed","title":"retorna 400 cuando faltan implement_id o terrain_id"},{"ancestorTitles":["calculationController","calculateMinimumPower()"],"duration":7,"failing":false,"failureDetails":[],"failureMessages":[],"fullName":"calculationController calculateMinimumPower() retorna 404 cuando implemento o terreno no existen","invocations":1,"location":null,"numPassingAsserts":4,"retryReasons":[],"startAt":1785733699341,"status":"passed","title":"retorna 404 cuando implemento o terreno no existen"},{"ancestorTitles":["calculationController","calculateMinimumPower()"],"duration":2,"failing":false,"failureDetails":[],"failureMessages":[],"fullName":"calculationController calculateMinimumPower() retorna respuesta sin persistir cuando no hay tractores compatibles","invocations":1,"location":null,"numPassingAsserts":4,"retryReasons":[],"startAt":1785733699349,"status":"passed","title":"retorna respuesta sin persistir cuando no hay tractores compatibles"},{"ancestorTitles":["calculationController","calculateMinimumPower()"],"duration":11,"failing":false,"failureDetails":[],"failureMessages":[],"fullName":"calculationController calculateMinimumPower() persiste cálculo mínimo y clasifica tractores por idoneidad","invocations":1,"location":null,"numPassingAsserts":4,"retryReasons":[],"startAt":1785733699352,"status":"passed","title":"persiste cálculo mínimo y clasifica tractores por idoneidad"},{"ancestorTitles":["calculationController","calculateMinimumPower()"],"duration":2,"failing":false,"failureDetails":[],"failureMessages":[],"fullName":"calculationController calculateMinimumPower() retorna 500 y rollback cuando ocurre un error inesperado","invocations":1,"location":null,"numPassingAsserts":3,"retryReasons":[],"startAt":1785733699364,"status":"passed","title":"retorna 500 y rollback cuando ocurre un error inesperado"},{"ancestorTitles":["calculationController","calculateDirectMinimumPower()"],"duration":3,"failing":false,"failureDetails":[],"failureMessages":[],"fullName":"calculationController calculateDirectMinimumPower() retorna cálculo exitoso sin usuario (sin persistencia)","invocations":1,"location":null,"numPassingAsserts":4,"retryReasons":[],"startAt":1785733699367,"status":"passed","title":"retorna cálculo exitoso sin usuario (sin persistencia)"},{"ancestorTitles":["calculationController","calculateDirectMinimumPower()"],"duration":3,"failing":false,"failureDetails":[],"failureMessages":[],"fullName":"calculationController calculateDirectMinimumPower() retorna cálculo con persistencia cuando hay usuario autenticado","invocations":1,"location":null,"numPassingAsserts":6,"retryReasons":[],"startAt":1785733699370,"status":"passed","title":"retorna cálculo con persistencia cuando hay usuario autenticado"},{"ancestorTitles":["calculationController","calculateDirectMinimumPower()"],"duration":18,"failing":false,"failureDetails":[],"failureMessages":[],"fullName":"calculationController calculateDirectMinimumPower() retorna cálculo sin persistir cuando no hay tractores recomendados","invocations":1,"location":null,"numPassingAsserts":2,"retryReasons":[],"startAt":1785733699373,"status":"passed","title":"retorna cálculo sin persistir cuando no hay tractores recomendados"},{"ancestorTitles":["calculationController","calculateDirectMinimumPower()"],"duration":1,"failing":false,"failureDetails":[],"failureMessages":[],"fullName":"calculationController calculateDirectMinimumPower() degrada gracefulmente cuando Tractor.getAll falla","invocations":1,"location":null,"numPassingAsserts":2,"retryReasons":[],"startAt":1785733699392,"status":"passed","title":"degrada gracefulmente cuando Tractor.getAll falla"},{"ancestorTitles":["calculationController","calculateDirectMinimumPower()"],"duration":2,"failing":false,"failureDetails":[],"failureMessages":[],"fullName":"calculationController calculateDirectMinimumPower() filtra tractores inactive del análisis","invocations":1,"location":null,"numPassingAsserts":5,"retryReasons":[],"startAt":1785733699394,"status":"passed","title":"filtra tractores inactive del análisis"},{"ancestorTitles":["calculationController","calculateDirectMinimumPower()"],"duration":4,"failing":false,"failureDetails":[],"failureMessages":[],"fullName":"calculationController calculateDirectMinimumPower() hace rollback cuando falla la persistencia con usuario autenticado","invocations":1,"location":null,"numPassingAsserts":4,"retryReasons":[],"startAt":1785733699396,"status":"passed","title":"hace rollback cuando falla la persistencia con usuario autenticado"},{"ancestorTitles":["calculationController","calculateDirectMinimumPower()"],"duration":2,"failing":false,"failureDetails":[],"failureMessages":[],"fullName":"calculationController calculateDirectMinimumPower() clasifica tractores correctamente: INSUFFICIENT, OPTIMAL, OVERPOWERED","invocations":1,"location":null,"numPassingAsserts":5,"retryReasons":[],"startAt":1785733699400,"status":"passed","title":"clasifica tractores correctamente: INSUFFICIENT, OPTIMAL, OVERPOWERED"},{"ancestorTitles":["calculationController","getCalculationHistory()"],"duration":2,"failing":false,"failureDetails":[],"failureMessages":[],"fullName":"calculationController getCalculationHistory() retorna 400 con parámetros de paginación inválidos","invocations":1,"location":null,"numPassingAsserts":2,"retryReasons":[],"startAt":1785733699403,"status":"passed","title":"retorna 400 con parámetros de paginación inválidos"},{"ancestorTitles":["calculationController","getCalculationHistory()"],"duration":3,"failing":false,"failureDetails":[],"failureMessages":[],"fullName":"calculationController getCalculationHistory() retorna historial con filtro de tipo semántico y metadatos de paginación","invocations":1,"location":null,"numPassingAsserts":5,"retryReasons":[],"startAt":1785733699406,"status":"passed","title":"retorna historial con filtro de tipo semántico y metadatos de paginación"},{"ancestorTitles":["calculationController","getCalculationHistory()"],"duration":1,"failing":false,"failureDetails":[],"failureMessages":[],"fullName":"calculationController getCalculationHistory() retorna 500 cuando falla la consulta de historial","invocations":1,"location":null,"numPassingAsserts":2,"retryReasons":[],"startAt":1785733699409,"status":"passed","title":"retorna 500 cuando falla la consulta de historial"}],"endTime":1785733700613,"message":"","name":"C:\\Users\\elkaw\\Desktop\\MaqAgr-Local\\backend\\tests\\unit\\controllers\\calculationController.test.js","startTime":1785733695796,"status":"passed","summary":""},{"assertionResults":[{"ancestorTitles":["recommendationController extra coverage","generateRecommendation()"],"duration":31,"failing":false,"failureDetails":[],"failureMessages":[],"fullName":"recommendationController extra coverage generateRecommendation() retorna 401 si el usuario no está autenticado","invocations":1,"location":null,"numPassingAsserts":2,"retryReasons":[],"startAt":1785733699475,"status":"passed","title":"retorna 401 si el usuario no está autenticado"},{"ancestorTitles":["recommendationController extra coverage","generateRecommendation()"],"duration":51,"failing":false,"failureDetails":[],"failureMessages":[],"fullName":"recommendationController extra coverage generateRecommendation() retorna 404 si el terreno no es accesible para el usuario","invocations":1,"location":null,"numPassingAsserts":3,"retryReasons":[],"startAt":1785733699507,"status":"passed","title":"retorna 404 si el terreno no es accesible para el usuario"},{"ancestorTitles":["recommendationController extra coverage","generateRecommendation()"],"duration":2,"failing":false,"failureDetails":[],"failureMessages":[],"fullName":"recommendationController extra coverage generateRecommendation() retorna 404 si no hay tractores disponibles","invocations":1,"location":null,"numPassingAsserts":2,"retryReasons":[],"startAt":1785733699558,"status":"passed","title":"retorna 404 si no hay tractores disponibles"},{"ancestorTitles":["recommendationController extra coverage","generateRecommendation()"],"duration":1,"failing":false,"failureDetails":[],"failureMessages":[],"fullName":"recommendationController extra coverage generateRecommendation() retorna cálculo sin compatibles cuando el filtro final elimina recomendaciones insuficientes","invocations":1,"location":null,"numPassingAsserts":3,"retryReasons":[],"startAt":1785733699561,"status":"passed","title":"retorna cálculo sin compatibles cuando el filtro final elimina recomendaciones insuficientes"},{"ancestorTitles":["recommendationController extra coverage","generateRecommendation()"],"duration":3,"failing":false,"failureDetails":[],"failureMessages":[],"fullName":"recommendationController extra coverage generateRecommendation() persiste recomendaciones estándar y emite notificación asíncrona","invocations":1,"location":null,"numPassingAsserts":5,"retryReasons":[],"startAt":1785733699562,"status":"passed","title":"persiste recomendaciones estándar y emite notificación asíncrona"},{"ancestorTitles":["recommendationController extra coverage","generateRecommendation()"],"duration":1,"failing":false,"failureDetails":[],"failureMessages":[],"fullName":"recommendationController extra coverage generateRecommendation() hace rollback y pasa el error a next cuando la persistencia falla","invocations":1,"location":null,"numPassingAsserts":2,"retryReasons":[],"startAt":1785733699565,"status":"passed","title":"hace rollback y pasa el error a next cuando la persistencia falla"},{"ancestorTitles":["recommendationController extra coverage","getRecommendationHistory()"],"duration":2,"failing":false,"failureDetails":[],"failureMessages":[],"fullName":"recommendationController extra coverage getRecommendationHistory() retorna 401 si no hay usuario autenticado","invocations":1,"location":null,"numPassingAsserts":2,"retryReasons":[],"startAt":1785733699567,"status":"passed","title":"retorna 401 si no hay usuario autenticado"},{"ancestorTitles":["recommendationController extra coverage","getRecommendationHistory()"],"duration":3,"failing":false,"failureDetails":[],"failureMessages":[],"fullName":"recommendationController extra coverage getRecommendationHistory() retorna historial paginado y parsea observations JSON o texto libre","invocations":1,"location":null,"numPassingAsserts":5,"retryReasons":[],"startAt":1785733699569,"status":"passed","title":"retorna historial paginado y parsea observations JSON o texto libre"},{"ancestorTitles":["recommendationController extra coverage","getRecommendationHistory()"],"duration":1,"failing":false,"failureDetails":[],"failureMessages":[],"fullName":"recommendationController extra coverage getRecommendationHistory() retorna 500 si falla la consulta del historial","invocations":1,"location":null,"numPassingAsserts":2,"retryReasons":[],"startAt":1785733699573,"status":"passed","title":"retorna 500 si falla la consulta del historial"},{"ancestorTitles":["recommendationController extra coverage","getRecommendationHistory()"],"duration":1,"failing":false,"failureDetails":[],"failureMessages":[],"fullName":"recommendationController extra coverage getRecommendationHistory() en development incluye error.message cuando falla el historial","invocations":1,"location":null,"numPassingAsserts":2,"retryReasons":[],"startAt":1785733699574,"status":"passed","title":"en development incluye error.message cuando falla el historial"},{"ancestorTitles":["recommendationController extra coverage","getRecommendationById()"],"duration":2,"failing":false,"failureDetails":[],"failureMessages":[],"fullName":"recommendationController extra coverage getRecommendationById() valida autenticación e id válido","invocations":1,"location":null,"numPassingAsserts":4,"retryReasons":[],"startAt":1785733699575,"status":"passed","title":"valida autenticación e id válido"},{"ancestorTitles":["recommendationController extra coverage","getRecommendationById()"],"duration":1,"failing":false,"failureDetails":[],"failureMessages":[],"fullName":"recommendationController extra coverage getRecommendationById() retorna 404 o 403 según existencia y ownership","invocations":1,"location":null,"numPassingAsserts":4,"retryReasons":[],"startAt":1785733699577,"status":"passed","title":"retorna 404 o 403 según existencia y ownership"},{"ancestorTitles":["recommendationController extra coverage","getRecommendationById()"],"duration":1,"failing":false,"failureDetails":[],"failureMessages":[],"fullName":"recommendationController extra coverage getRecommendationById() retorna detalle parseado cuando la recomendación es del usuario","invocations":1,"location":null,"numPassingAsserts":2,"retryReasons":[],"startAt":1785733699579,"status":"passed","title":"retorna detalle parseado cuando la recomendación es del usuario"},{"ancestorTitles":["recommendationController extra coverage","getRecommendationById()"],"duration":1,"failing":false,"failureDetails":[],"failureMessages":[],"fullName":"recommendationController extra coverage getRecommendationById() retorna 500 cuando ocurre un error inesperado","invocations":1,"location":null,"numPassingAsserts":2,"retryReasons":[],"startAt":1785733699580,"status":"passed","title":"retorna 500 cuando ocurre un error inesperado"},{"ancestorTitles":["recommendationController extra coverage","getRecommendationById()"],"duration":1,"failing":false,"failureDetails":[],"failureMessages":[],"fullName":"recommendationController extra coverage getRecommendationById() en development incluye error.message cuando falla getRecommendationById","invocations":1,"location":null,"numPassingAsserts":2,"retryReasons":[],"startAt":1785733699581,"status":"passed","title":"en development incluye error.message cuando falla getRecommendationById"}],"endTime":1785733700749,"message":"","name":"C:\\Users\\elkaw\\Desktop\\MaqAgr-Local\\backend\\tests\\unit\\controllers\\recommendationController.extra.test.js","startTime":1785733695741,"status":"passed","summary":""},{"assertionResults":[{"ancestorTitles":["app.js JWT_SECRET production enforcement"],"duration":2421,"failing":false,"failureDetails":[{"matcherResult":{"message":"expect(received).rejects.toThrow(expected)\n\nExpected substring: \"FATAL: JWT_SECRET environment variable is required in production\"\nReceived message:   \"The requested module '../middleware/error.middleware.js' does not provide an export named 'asyncHandler'\"\n\n    \u001b[0m \u001b[90m 73 |\u001b[39m       mockAppDependencies()\u001b[33m;\u001b[39m\n     \u001b[90m 74 |\u001b[39m\n    \u001b[31m\u001b[1m>\u001b[22m\u001b[39m\u001b[90m 75 |\u001b[39m       \u001b[36mawait\u001b[39m expect(\u001b[36mimport\u001b[39m(\u001b[32m'../../src/app.js'\u001b[39m))\u001b[33m.\u001b[39mrejects\u001b[33m.\u001b[39mtoThrow(\n     \u001b[90m    |\u001b[39m       \u001b[31m\u001b[1m^\u001b[22m\u001b[39m\n     \u001b[90m 76 |\u001b[39m         \u001b[32m'FATAL: JWT_SECRET environment variable is required in production'\u001b[39m\u001b[33m,\u001b[39m\n     \u001b[90m 77 |\u001b[39m       )\u001b[33m;\u001b[39m\n     \u001b[90m 78 |\u001b[39m     } \u001b[36mfinally\u001b[39m {\u001b[0m\n\n      at Runtime.linkAndEvaluateModule (node_modules/.pnpm/jest-runtime@30.2.0/node_modules/jest-runtime/build/index.js:684:5)\n      at Object.<anonymous> (tests/unit/app.jwt-secret-enforcement.test.js:75:7)","pass":false},"message":"expect(received).rejects.toThrow(expected)\n\nExpected substring: \"FATAL: JWT_SECRET environment variable is required in production\"\nReceived message:   \"The requested module '../middleware/error.middleware.js' does not provide an export named 'asyncHandler'\"\n\n    \u001b[0m \u001b[90m 73 |\u001b[39m       mockAppDependencies()\u001b[33m;\u001b[39m\n     \u001b[90m 74 |\u001b[39m\n    \u001b[31m\u001b[1m>\u001b[22m\u001b[39m\u001b[90m 75 |\u001b[39m       \u001b[36mawait\u001b[39m expect(\u001b[36mimport\u001b[39m(\u001b[32m'../../src/app.js'\u001b[39m))\u001b[33m.\u001b[39mrejects\u001b[33m.\u001b[39mtoThrow(\n     \u001b[90m    |\u001b[39m       \u001b[31m\u001b[1m^\u001b[22m\u001b[39m\n     \u001b[90m 76 |\u001b[39m         \u001b[32m'FATAL: JWT_SECRET environment variable is required in production'\u001b[39m\u001b[33m,\u001b[39m\n     \u001b[90m 77 |\u001b[39m       )\u001b[33m;\u001b[39m\n     \u001b[90m 78 |\u001b[39m     } \u001b[36mfinally\u001b[39m {\u001b[0m\n\n      at Runtime.linkAndEvaluateModule (node_modules/.pnpm/jest-runtime@30.2.0/node_modules/jest-runtime/build/index.js:684:5)\n      at Object.<anonymous> (tests/unit/app.jwt-secret-enforcement.test.js:75:7)"}],"failureMessages":["Error: expect(received).rejects.toThrow(expected)\n\nExpected substring: \"FATAL: JWT_SECRET environment variable is required in production\"\nReceived message:   \"The requested module '../middleware/error.middleware.js' does not provide an export named 'asyncHandler'\"\n\n    \u001b[0m \u001b[90m 73 |\u001b[39m       mockAppDependencies()\u001b[33m;\u001b[39m\n     \u001b[90m 74 |\u001b[39m\n    \u001b[31m\u001b[1m>\u001b[22m\u001b[39m\u001b[90m 75 |\u001b[39m       \u001b[36mawait\u001b[39m expect(\u001b[36mimport\u001b[39m(\u001b[32m'../../src/app.js'\u001b[39m))\u001b[33m.\u001b[39mrejects\u001b[33m.\u001b[39mtoThrow(\n     \u001b[90m    |\u001b[39m       \u001b[31m\u001b[1m^\u001b[22m\u001b[39m\n     \u001b[90m 76 |\u001b[39m         \u001b[32m'FATAL: JWT_SECRET environment variable is required in production'\u001b[39m\u001b[33m,\u001b[39m\n     \u001b[90m 77 |\u001b[39m       )\u001b[33m;\u001b[39m\n     \u001b[90m 78 |\u001b[39m     } \u001b[36mfinally\u001b[39m {\u001b[0m\n\n      at Runtime.linkAndEvaluateModule (node_modules/.pnpm/jest-runtime@30.2.0/node_modules/jest-runtime/build/index.js:684:5)\n      at Object.<anonymous> (tests/unit/app.jwt-secret-enforcement.test.js:75:7)\n    at Object.toThrow (C:\\Users\\elkaw\\Desktop\\MaqAgr-Local\\backend\\node_modules\\.pnpm\\expect@30.2.0\\node_modules\\expect\\build\\index.js:2155:20)\n    at Object.<anonymous> (C:\\Users\\elkaw\\Desktop\\MaqAgr-Local\\backend\\tests\\unit\\app.jwt-secret-enforcement.test.js:75:56)\n    at Promise.finally.completed (C:\\Users\\elkaw\\Desktop\\MaqAgr-Local\\backend\\node_modules\\.pnpm\\jest-circus@30.2.0\\node_modules\\jest-circus\\build\\jestAdapterInit.js:1557:28)\n    at new Promise (<anonymous>)\n    at callAsyncCircusFn (C:\\Users\\elkaw\\Desktop\\MaqAgr-Local\\backend\\node_modules\\.pnpm\\jest-circus@30.2.0\\node_modules\\jest-circus\\build\\jestAdapterInit.js:1497:10)\n    at _callCircusTest (C:\\Users\\elkaw\\Desktop\\MaqAgr-Local\\backend\\node_modules\\.pnpm\\jest-circus@30.2.0\\node_modules\\jest-circus\\build\\jestAdapterInit.js:1007:40)\n    at processTicksAndRejections (node:internal/process/task_queues:103:5)\n    at _runTest (C:\\Users\\elkaw\\Desktop\\MaqAgr-Local\\backend\\node_modules\\.pnpm\\jest-circus@30.2.0\\node_modules\\jest-circus\\build\\jestAdapterInit.js:947:3)\n    at C:\\Users\\elkaw\\Desktop\\MaqAgr-Local\\backend\\node_modules\\.pnpm\\jest-circus@30.2.0\\node_modules\\jest-circus\\build\\jestAdapterInit.js:849:7\n    at _runTestsForDescribeBlock (C:\\Users\\elkaw\\Desktop\\MaqAgr-Local\\backend\\node_modules\\.pnpm\\jest-circus@30.2.0\\node_modules\\jest-circus\\build\\jestAdapterInit.js:862:11)\n    at _runTestsForDescribeBlock (C:\\Users\\elkaw\\Desktop\\MaqAgr-Local\\backend\
[...]
,{"start":{},"end":{}}],"line":60},"6":{"loc":{"start":{"line":75,"column":2},"end":{"line":81,"column":3}},"type":"if","locations":[{"start":{"line":75,"column":2},"end":{"line":81,"column":3}},{"start":{},"end":{}}],"line":75},"7":{"loc":{"start":{"line":132,"column":2},"end":{"line":139,"column":3}},"type":"if","locations":[{"start":{"line":132,"column":2},"end":{"line":139,"column":3}},{"start":{},"end":{}}],"line":132},"8":{"loc":{"start":{"line":132,"column":6},"end":{"line":132,"column":25}},"type":"binary-expr","locations":[{"start":{"line":132,"column":6},"end":{"line":132,"column":12}},{"start":{"line":132,"column":16},"end":{"line":132,"column":25}}],"line":132},"9":{"loc":{"start":{"line":145,"column":2},"end":{"line":154,"column":3}},"type":"if","locations":[{"start":{"line":145,"column":2},"end":{"line":154,"column":3}},{"start":{},"end":{}}],"line":145},"10":{"loc":{"start":{"line":157,"column":2},"end":{"line":168,"column":3}},"type":"if","locations":[{"start":{"line":157,"column":2},"end":{"line":168,"column":3}},{"start":{},"end":{}}],"line":157},"11":{"loc":{"start":{"line":173,"column":2},"end":{"line":183,"column":3}},"type":"if","locations":[{"start":{"line":173,"column":2},"end":{"line":183,"column":3}},{"start":{},"end":{}}],"line":173},"12":{"loc":{"start":{"line":238,"column":2},"end":{"line":240,"column":3}},"type":"if","locations":[{"start":{"line":238,"column":2},"end":{"line":240,"column":3}},{"start":{},"end":{}}],"line":238},"13":{"loc":{"start":{"line":272,"column":2},"end":{"line":277,"column":3}},"type":"if","locations":[{"start":{"line":272,"column":2},"end":{"line":277,"column":3}},{"start":{},"end":{}}],"line":272},"14":{"loc":{"start":{"line":272,"column":6},"end":{"line":272,"column":21}},"type":"binary-expr","locations":[{"start":{"line":272,"column":6},"end":{"line":272,"column":11}},{"start":{"line":272,"column":15},"end":{"line":272,"column":21}}],"line":272},"15":{"loc":{"start":{"line":280,"column":2},"end":{"line":282,"column":3}},"type":"if","locations":[{"start":{"line":280,"column":2},"end":{"line":282,"column":3}},{"start":{},"end":{}}],"line":280},"16":{"loc":{"start":{"line":280,"column":6},"end":{"line":280,"column":35}},"type":"binary-expr","locations":[{"start":{"line":280,"column":6},"end":{"line":280,"column":11}},{"start":{"line":280,"column":15},"end":{"line":280,"column":35}}],"line":280},"17":{"loc":{"start":{"line":285,"column":2},"end":{"line":294,"column":3}},"type":"if","locations":[{"start":{"line":285,"column":2},"end":{"line":294,"column":3}},{"start":{},"end":{}}],"line":285},"18":{"loc":{"start":{"line":291,"column":4},"end":{"line":293,"column":5}},"type":"if","locations":[{"start":{"line":291,"column":4},"end":{"line":293,"column":5}},{"start":{},"end":{}}],"line":291},"19":{"loc":{"start":{"line":303,"column":5},"end":{"line":303,"column":17}},"type":"binary-expr","locations":[{"start":{"line":303,"column":5},"end":{"line":303,"column":9}},{"start":{"line":303,"column":13},"end":{"line":303,"column":17}}],"line":303},"20":{"loc":{"start":{"line":303,"column":19},"end":{"line":303,"column":53}},"type":"cond-expr","locations":[{"start":{"line":303,"column":27},"end":{"line":303,"column":46}},{"start":{"line":303,"column":49},"end":{"line":303,"column":53}}],"line":303},"21":{"loc":{"start":{"line":338,"column":2},"end":{"line":343,"column":3}},"type":"if","locations":[{"start":{"line":338,"column":2},"end":{"line":343,"column":3}},{"start":{},"end":{}}],"line":338},"22":{"loc":{"start":{"line":338,"column":6},"end":{"line":338,"column":38}},"type":"binary-expr","locations":[{"start":{"line":338,"column":6},"end":{"line":338,"column":22}},{"start":{"line":338,"column":26},"end":{"line":338,"column":38}}],"line":338},"23":{"loc":{"start":{"line":346,"column":2},"end":{"line":353,"column":3}},"type":"if","locations":[{"start":{"line":346,"column":2},"end":{"line":353,"column":3}},{"start":{},"end":{}}],"line":346},"24":{"loc":{"start":{"line":358,"column":2},"end":{"line":360,"column":3}},"type":"if","locations":[{"start":{"line":358,"column":2},"end":{"line":360,"column":3}},{"start":{},"end":{}}],"line":358},"25":{"loc":{"start":{"line":368,"column":2},"end":{"line":370,"column":3}},"type":"if","locations":[{"start":{"line":368,"column":2},"end":{"line":370,"column":3}},{"start":{},"end":{}}],"line":368},"26":{"loc":{"start":{"line":397,"column":2},"end":{"line":403,"column":3}},"type":"if","locations":[{"start":{"line":397,"column":2},"end":{"line":403,"column":3}},{"start":{},"end":{}}],"line":397},"27":{"loc":{"start":{"line":407,"column":2},"end":{"line":409,"column":3}},"type":"if","locations":[{"start":{"line":407,"column":2},"end":{"line":409,"column":3}},{"start":{},"end":{}}],"line":407},"28":{"loc":{"start":{"line":424,"column":2},"end":{"line":431,"column":3}},"type":"if","locations":[{"start":{"line":424,"column":2},"end":{"line":431,"column":3}},{"start":{},"end":{}}],"line":424},"29":{"loc":{"start":{"line":433,"column":2},"end":{"line":440,"column":3}},"type":"if","locations":[{"start":{"line":433,"column":2},"end":{"line":440,"column":3}},{"start":{},"end":{}}],"line":433},"30":{"loc":{"start":{"line":446,"column":21},"end":{"line":451,"column":10}},"type":"cond-expr","locations":[{"start":{"line":447,"column":6},"end":{"line":450,"column":8}},{"start":{"line":451,"column":6},"end":{"line":451,"column":10}}],"line":446},"31":{"loc":{"start":{"line":465,"column":8},"end":{"line":465,"column":36}},"type":"binary-expr","locations":[{"start":{"line":465,"column":8},"end":{"line":465,"column":18}},{"start":{"line":465,"column":22},"end":{"line":465,"column":36}}],"line":465},"32":{"loc":{"start":{"line":478,"column":2},"end":{"line":485,"column":3}},"type":"if","locations":[{"start":{"line":478,"column":2},"end":{"line":485,"column":3}},{"start":{},"end":{}}],"line":478},"33":{"loc":{"start":{"line":487,"column":2},"end":{"line":494,"column":3}},"type":"if","locations":[{"start":{"line":487,"column":2},"end":{"line":494,"column":3}},{"start":{},"end":{}}],"line":487},"34":{"loc":{"start":{"line":497,"column":2},"end":{"line":504,"column":3}},"type":"if","locations":[{"start":{"line":497,"column":2},"end":{"line":504,"column":3}},{"start":{},"end":{}}],"line":497},"35":{"loc":{"start":{"line":524,"column":2},"end":{"line":526,"column":3}},"type":"if","locations":[{"start":{"line":524,"column":2},"end":{"line":526,"column":3}},{"start":{},"end":{}}],"line":524},"36":{"loc":{"start":{"line":529,"column":2},"end":{"line":539,"column":3}},"type":"if","locations":[{"start":{"line":529,"column":2},"end":{"line":539,"column":3}},{"start":{},"end":{}}],"line":529}},"s":{"0":2,"1":2,"2":2,"3":0,"4":0,"5":0,"6":0,"7":0,"8":0,"9":0,"10":0,"11":0,"12":0,"13":0,"14":0,"15":0,"16":0,"17":0,"18":0,"19":0,"20":0,"21":0,"22":0,"23":0,"24":0,"25":0,"26":0,"27":2,"28":0,"29":0,"30":0,"31":0,"32":0,"33":0,"34":0,"35":0,"36":0,"37":0,"38":0,"39":0,"40":0,"41":0,"42":0,"43":0,"44":0,"45":0,"46":2,"47":0,"48":2,"49":0,"50":0,"51":0,"52":0,"53":0,"54":2,"55":0,"56":0,"57":0,"58":0,"59":0,"60":0,"61":0,"62":0,"63":0,"64":0,"65":0,"66":0,"67":0,"68":0,"69":2,"70":0,"71":0,"72":0,"73":0,"74":0,"75":0,"76":0,"77":0,"78":0,"79":0,"80":0,"81":0,"82":0,"83":0,"84":0,"85":0,"86":0,"87":2,"88":0,"89":0,"90":0,"91":0,"92":0,"93":0,"94":0,"95":0,"96":2,"97":0,"98":0,"99":0,"100":0,"101":0,"102":0,"103":0,"104":0,"105":0,"106":2,"107":0,"108":0,"109":0,"110":0,"111":0,"112":0,"113":0,"114":0,"115":0,"116":0,"117":0,"118":0,"119":0,"120":0,"121":0,"122":0,"123":0,"124":0,"125":0,"126":0,"127":0,"128":0},"f":{"0":0,"1":0,"2":0,"3":0,"4":0,"5":0,"6":0,"7":0,"8":0},"b":{"0":[0,0],"1":[0,0],"2":[0,0],"3":[0,0],"4":[0,0],"5":[0,0],"6":[0,0],"7":[0,0],"8":[0,0],"9":[0,0],"10":[0,0],"11":[0,0],"12":[0,0],"13":[0,0],"14":[0,0],"15":[0,0],"16":[0,0],"17":[0,0],"18":[0,0],"19":[0,0],"20":[0,0],"21":[0,0],"22":[0,0],"23":[0,0],"24":[0,0],"25":[0,0],"26":[0,0],"27":[0,0],"28":[0,0],"29":[0,0],"30":[0,0],"31":[0,0],"32":[0,0],"33":[0,0],"34":[0,0],"35":[0,0],"36":[0,0]},"inputSourceMap":null,"_coverageSchema":"1a1c01bbd47fc00a2c39e90264f33305004495a9","hash":"1fe4143d995560a2a9b161411159df97698b3866"},"C:\\Users\\elkaw\\Desktop\\MaqAgr-Local\\backend\\src\\middleware\\rateLimiter.middleware.js":{"path":"C:\\Users\\elkaw\\Desktop\\MaqAgr-Local\\backend\\src\\middleware\\rateLimiter.middleware.js","statementMap":{"0":{"start":{"line":4,"column":31},"end":{"line":7,"column":2}},"1":{"start":{"line":4,"column":45},"end":{"line":7,"column":1}},"2":{"start":{"line":13,"column":28},"end":{"line":21,"column":2}},"3":{"start":{"line":27,"column":26},"end":{"line":35,"column":2}},"4":{"start":{"line":41,"column":29},"end":{"line":49,"column":2}}},"fnMap":{"0":{"name":"(anonymous_0)","decl":{"start":{"line":4,"column":31},"end":{"line":4,"column":32}},"loc":{"start":{"line":4,"column":45},"end":{"line":7,"column":1}},"line":4}},"branchMap":{},"s":{"0":2,"1":6,"2":2,"3":2,"4":2},"f":{"0":6},"b":{},"inputSourceMap":null,"_coverageSchema":"1a1c01bbd47fc00a2c39e90264f33305004495a9","hash":"48561c680efdecf707ce494f0a133c5fc2bc986d"},"C:\\Users\\elkaw\\Desktop\\MaqAgr-Local\\backend\\src\\controllers\\uploadController.js":{"path":"C:\\Users\\elkaw\\Desktop\\MaqAgr-Local\\backend\\src\\controllers\\uploadController.js","statementMap":{"0":{"start":{"line":16,"column":27},"end":{"line":60,"column":2}},"1":{"start":{"line":17,"column":2},"end":{"line":23,"column":3}},"2":{"start":{"line":18,"column":4},"end":{"line":22,"column":7}},"3":{"start":{"line":25,"column":33},"end":{"line":25,"column":41}},"4":{"start":{"line":26,"column":25},"end":{"line":26,"column":71}},"5":{"start":{"line":28,"column":2},"end":{"line":34,"column":3}},"6":{"start":{"line":29,"column":4},"end":{"line":33,"column":7}},"7":{"start":{"line":36,"column":2},"end":{"line":59,"column":3}},"8":{"start":{"line":37,"column":22},"end":{"line":37,"column":61}},"9":{"start":{"line":39,"column":4},"end":{"line":39,"column":62}},"10":{"start":{"line":41,"column":4},"end":{"line":51,"column":7}},"11":{"start":{"line":53,"column":4},"end":{"line":53,"column":79}},"12":{"start":{"line":54,"column":4},"end":{"line":58,"column":7}},"13":{"start":{"line":67,"column":27},"end":{"line":104,"column":2}},"14":{"start":{"line":68,"column":18},"end":{"line":68,"column":26}},"15":{"start":{"line":70,"column":2},"end":{"line":76,"column":3}},"16":{"start":{"line":71,"column":4},"end":{"line":75,"column":7}},"17":{"start":{"line":78,"column":22},"end":{"line":78,"column":43}},"18":{"start":{"line":80,"column":2},"end":{"line":86,"column":3}},"19":{"start":{"line":81,"column":4},"end":{"line":85,"column":7}},"20":{"start":{"line":88,"column":18},"end":{"line":88,"column":46}},"21":{"start":{"line":90,"column":2},"end":{"line":96,"column":3}},"22":{"start":{"line":91,"column":4},"end":{"line":95,"column":7}},"23":{"start":{"line":98,"column":2},"end":{"line":98,"column":40}},"24":{"start":{"line":100,"column":2},"end":{"line":103,"column":5}}},"fnMap":{"0":{"name":"(anonymous_0)","decl":{"start":{"line":16,"column":40},"end":{"line":16,"column":41}},"loc":{"start":{"line":16,"column":60},"end":{"line":60,"column":1}},"line":16},"1":{"name":"(anonymous_1)","decl":{"start":{"line":67,"column":40},"end":{"line":67,"column":41}},"loc":{"start":{"line":67,"column":60},"end":{"line":104,"column":1}},"line":67}},"branchMap":{"0":{"loc":{"start":{"line":17,"column":2},"end":{"line":23,"column":3}},"type":"if","locations":[{"start":{"line":17,"column":2},"end":{"line":23,"column":3}},{"start":{},"end":{}}],"line":17},"1":{"loc":{"start":{"line":25,"column":10},"end":{"line":25,"column":28}},"type":"default-arg","locations":[{"start":{"line":25,"column":19},"end":{"line":25,"column":28}}],"line":25},"2":{"loc":{"start":{"line":28,"column":2},"end":{"line":34,"column":3}},"type":"if","locations":[{"start":{"line":28,"column":2},"end":{"line":34,"column":3}},{"start":{},"end":{}}],"line":28},"3":{"loc":{"start":{"line":70,"column":2},"end":{"line":76,"column":3}},"type":"if","locations":[{"start":{"line":70,"column":2},"end":{"line":76,"column":3}},{"start":{},"end":{}}],"line":70},"4":{"loc":{"start":{"line":80,"column":2},"end":{"line":86,"column":3}},"type":"if","locations":[{"start":{"line":80,"column":2},"end":{"line":86,"column":3}},{"start":{},"end":{}}],"line":80},"5":{"loc":{"start":{"line":90,"column":2},"end":{"line":96,"column":3}},"type":"if","locations":[{"start":{"line":90,"column":2},"end":{"line":96,"column":3}},{"start":{},"end":{}}],"line":90}},"s":{"0":2,"1":0,"2":0,"3":0,"4":0,"5":0,"6":0,"7":0,"8":0,"9":0,"10":0,"11":0,"12":0,"13":2,"14":0,"15":0,"16":0,"17":0,"18":0,"19":0,"20":0,"21":0,"22":0,"23":0,"24":0},"f":{"0":0,"1":0},"b":{"0":[0,0],"1":[0],"2":[0,0],"3":[0,0],"4":[0,0],"5":[0,0]},"inputSourceMap":null,"_coverageSchema":"1a1c01bbd47fc00a2c39e90264f33305004495a9","hash":"a2566b698ae661401567ad1d943eda29a1d9cde2"},"C:\\Users\\elkaw\\Desktop\\MaqAgr-Local\\backend\\src\\middleware\\security.middleware.js":{"path":"C:\\Users\\elkaw\\Desktop\\MaqAgr-Local\\backend\\src\\middleware\\security.middleware.js","statementMap":{"0":{"start":{"line":7,"column":31},"end":{"line":36,"column":2}}},"fnMap":{},"branchMap":{},"s":{"0":2},"f":{},"b":{},"inputSourceMap":null,"_coverageSchema":"1a1c01bbd47fc00a2c39e90264f33305004495a9","hash":"e758f739fb043d50f996e440099cb91021bde113"},"C:\\Users\\elkaw\\Desktop\\MaqAgr-Local\\backend\\src\\middleware\\cors.middleware.js":{"path":"C:\\Users\\elkaw\\Desktop\\MaqAgr-Local\\backend\\src\\middleware\\cors.middleware.js","statementMap":{"0":{"start":{"line":3,"column":26},"end":{"line":10,"column":1}},"1":{"start":{"line":4,"column":2},"end":{"line":4,"column":53}},"2":{"start":{"line":4,"column":43},"end":{"line":4,"column":53}},"3":{"start":{"line":6,"column":2},"end":{"line":9,"column":21}},"4":{"start":{"line":8,"column":21},"end":{"line":8,"column":34}},"5":{"start":{"line":12,"column":30},"end":{"line":21,"column":1}},"6":{"start":{"line":13,"column":2},"end":{"line":13,"column":58}},"7":{"start":{"line":13,"column":45},"end":{"line":13,"column":58}},"8":{"start":{"line":15,"column":2},"end":{"line":20,"column":3}},"9":{"start":{"line":16,"column":35},"end":{"line":16,"column":50}},"10":{"start":{"line":17,"column":4},"end":{"line":17,"column":69}},"11":{"start":{"line":19,"column":4},"end":{"line":19,"column":17}},"12":{"start":{"line":23,"column":22},"end":{"line":25,"column":1}},"13":{"start":{"line":24,"column":2},"end":{"line":24,"column":54}},"14":{"start":{"line":31,"column":23},"end":{"line":86,"column":1}},"15":{"start":{"line":32,"column":14},"end":{"line":32,"column":51}},"16":{"start":{"line":33,"column":22},"end":{"line":33,"column":48}},"17":{"start":{"line":34,"column":30},"end":{"line":34,"column":85}},"18":{"start":{"line":35,"column":29},"end":{"line":35,"column":78}},"19":{"start":{"line":36,"column":33},"end":{"line":36,"column":80}},"20":{"start":{"line":42,"column":23},"end":{"line":45,"column":3}},"21":{"start":{"line":48,"column":25},"end":{"line":68,"column":3}},"22":{"start":{"line":70,"column":18},"end":{"line":70,"column":82}},"23":{"start":{"line":72,"column":2},"end":{"line":85,"column":4}},"24":{"start":{"line":75,"column":6},"end":{"line":80,"column":7}},"25":{"start":{"line":76,"column":8},"end":{"line":76,"column":29}},"26":{"start":{"line":79,"column":8},"end":{"line":79,"column":65}},"27":{"start":{"line":88,"column":30},"end":{"line":88,"column":52}}},"fnMap":{"0":{"name":"(anonymous_0)","decl":{"start":{"line":3,"column":26},"end":{"line":3,"column":27}},"loc":{"start":{"line":3,"column":37},"end":{"line":10,"column":1}},"line":3},"1":{"name":"(anonymous_1)","decl":{"start":{"line":8,"column":9},"end":{"line":8,"column":10}},"loc":{"start":{"line":8,"column":21},"end":{"line":8,"column":34}},"line":8},"2":{"name":"(anonymous_2)","decl":{"start":{"line":12,"column":30},"end":{"line":12,"column":31}},"loc":{"start":{"line":12,"column":42},"end":{"line":21,"column":1}},"line":12},"3":{"name":"(anonymous_3)","decl":{"start":{"line":23,"column":22},"end":{"line":23,"column":23}},"loc":{"start":{"line":23,"column":35},"end":{"line":25,"column":1}},"line":23},"4":{"name":"(anonymous_4)","decl":{"start":{"line":31,"column":23},"end":{"line":31,"column":24}},"loc":{"start":{"line":31,"column":29},"end":{"line":86,"column":1}},"line":31},"5":{"name":"(anonymous_5)","decl":{"start":{"line":73,"column":12},"end":{"line":73,"column":13}},"loc":{"start":{"line":73,"column":34},"end":{"line":81,"column":5}},"line":73}},"branchMap":{"0":{"loc":{"start":{"line":4,"column":2},"end":{"line":4,"column":53}},"type":"if","locations":[{"start":{"line":4,"column":2},"end":{"line":4,"column":53}},{"start":{},"end":{}}],"line":4},"1":{"loc":{"start":{"line":4,"column":6},"end":{"line":4,"column":41}},"type":"binary-expr","locations":[{"start":{"line":4,"column":6},"end":{"line":4,"column":12}},{"start":{"line":4,"column":16},"end":{"line":4,"column":41}}],"line":4},"2":{"loc":{"start":{"line":13,"column":2},"end":{"line":13,"column":58}},"type":"if","locations":[{"start":{"line":13,"column":2},"end":{"line":13,"column":58}},{"start":{},"end":{}}],"line":13},"3":{"loc":{"start":{"line":13,"column":6},"end":{"line":13,"column":43}},"type":"binary-expr","locations":[{"start":{"line":13,"column":6},"end":{"line":13,"column":13}},{"start":{"line":13,"column":17},"end":{"line":13,"column":43}}],"line":13},"4":{"loc":{"start":{"line":17,"column":11},"end":{"line":17,"column":68}},"type":"binary-expr","locations":[{"start":{"line":17,"column":11},"end":{"line":17,"column":32}},{"start":{"line":17,"column":36},"end":{"line":17,"column":68}}],"line":17},"5":{"loc":{"start":{"line":32,"column":14},"end":{"line":32,"column":51}},"type":"binary-expr","locations":[{"start":{"line":32,"column":14},"end":{"line":32,"column":34}},{"start":{"line":32,"column":38},"end":{"line":32,"column":51}}],"line":32},"6":{"loc":{"start":{"line":33,"column":22},"end":{"line":33,"column":48}},"type":"binary-expr","locations":[{"start":{"line":33,"column":22},"end":{"line":33,"column":38}},{"start":{"line":33,"column":42},"end":{"line":33,"column":48}}],"line":33},"7":{"loc":{"start":{"line":34,"column":30},"end":{"line":34,"column":85}},"type":"binary-expr","locations":[{"start":{"line":34,"column":30},"end":{"line":34,"column":57}},{"start":{"line":34,"column":61},"end":{"line":34,"column":85}}],"line":34},"8":{"loc":{"start":{"line":58,"column":6},"end":{"line":58,"column":68}},"type":"binary-expr","locations":[{"start":{"line":58,"column":6},"end":{"line":58,"column":36}},{"start":{"line":58,"column":40},"end":{"line":58,"column":68}}],"line":58},"9":{"loc":{"start":{"line":70,"column":32},"end":{"line":70,"column":81}},"type":"binary-expr","locations":[{"start":{"line":70,"column":32},"end":{"line":70,"column":51}},{"start":{"line":70,"column":55},"end":{"line":70,"column":81}}],"line":70},"10":{"loc":{"start":{"line":75,"column":6},"end":{"line":80,"column":7}},"type":"if","locations":[{"start":{"line":75,"column":6},"end":{"line":80,"column":7}},{"start":{"line":77,"column":13},"end":{"line":80,"column":7}}],"line":75},"11":{"loc":{"start":{"line":75,"column":10},"end":{"line":75,"column":84}},"type":"binary-expr","locations":[{"start":{"line":75,"column":10},"end":{"line":75,"column":17}},{"start":{"line":75,"column":21},"end":{"line":75,"column":51}},{"start":{"line":75,"column":55},"end":{"line":75,"column":84}}],"line":75}},"s":{"0":2,"1":4,"2":4,"3":0,"4":0,"5":2,"6":2,"7":0,"8":2,"9":2,"10":2,"11":0,"12":2,"13":2,"14":2,"15":2,"16":2,"17":2,"18":2,"19":2,"20":2,"21":2,"22":2,"23":2,"24":10,"25":9,"26":1,"27":2},"f":{"0":4,"1":0,"2":2,"3":2,"4":2,"5":10},"b":{"0":[4,0],"1":[4,0],"2":[0,2],"3":[2,2],"4":[2,2],"5":[2,0],"6":[2,0],"7":[2,2],"8":[2,2],"9":[2,2],"10":[9,1],"11":[10,8,2]},"inputSourceMap":null,"_coverageSchema":"1a1c01bbd47fc00a2c39e90264f33305004495a9","hash":"8e53f8fc0718954e67139e464bd44c9c2c2e5b61"}}}
